[2025-09-07 14:57:35,184] INFO [django.utils.autoreload:667] Watching for file changes with StatReloader
[2025-09-07 14:57:39,463] INFO [django.server:212] "GET / HTTP/1.1" 200 3654
[2025-09-07 14:57:51,411] INFO [django.server:212] "GET /reservation_book/ HTTP/1.1" 200 47564
[2025-09-07 14:58:06,142] DEBUG [python_http_client.client:267] POST Request: https://api.sendgrid.com/v3/mail/send
[2025-09-07 14:58:06,142] DEBUG [python_http_client.client:271] PAYLOAD: b'{"from": {"email": "no-reply@gambinos.com"}, "subject": "Your Gambino\\u2019s Reservation Confirmation", "personalizations": [{"to": [{"email": "oliver.p.hartmann@gmail.com"}], "subject": "Your Gambino\\u2019s Reservation Confirmation"}], "content": [{"type": "text/plain", "value": "Hello Oliver, your reservation on 2025-09-07 at 17:18 is confirmed."}], "mail_settings": {"sandbox_mode": {"enable": false}}, "tracking_settings": {"click_tracking": {"enable": true, "enable_text": true}, "open_tracking": {"enable": true}}}'
[2025-09-07 14:58:06,149] DEBUG [python_http_client.client:273] HEADERS: {'Authorization': 'Bearer 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', 'User-agent': 'sendgrid/6.12.4;python', 'Accept': 'application/json', 'Content-type': 'application/json'}
[2025-09-07 14:58:06,637] DEBUG [python_http_client.client:180] POST Response: 403 b'{"errors":[{"message":"The from address does not match a verified Sender Identity. Mail cannot be sent until this error is resolved. Visit https://sendgrid.com/docs/for-developers/sending-email/sender-identity/ to see the Sender Identity requirements","field":"from","help":null}]}'
[2025-09-07 14:58:06,638] ERROR [sendgrid_backend.mail:187] Failed to send email, error: HTTP Error 403: Forbidden, response body: b'{"errors":[{"message":"The from address does not match a verified Sender Identity. Mail cannot be sent until this error is resolved. Visit https://sendgrid.com/docs/for-developers/sending-email/sender-identity/ to see the Sender Identity requirements","field":"from","help":null}]}'
[2025-09-07 14:58:06,638] ERROR [reservation_book.views:187] Email sending failed: HTTP Error 403: Forbidden
[2025-09-07 14:58:06,639] INFO [reservation_book.views:191] Would send SMS to +491607739482: Reservation confirmed for 2025-09-07 17_18
[2025-09-07 14:58:06,675] INFO [django.server:212] "POST /reservation_book/ HTTP/1.1" 200 28
[2025-09-07 15:05:12,255] INFO [django.utils.autoreload:265] C:\Users\paxto\Desktop\My Web Sites\gambinos_restaurant_and_lounge\reservation_book\views.py changed, reloading.
[2025-09-07 15:05:12,986] INFO [django.utils.autoreload:667] Watching for file changes with StatReloader
[2025-09-07 15:05:33,260] INFO [django.utils.autoreload:265] C:\Users\paxto\Desktop\My Web Sites\gambinos_restaurant_and_lounge\reservation_book\views.py changed, reloading.
[2025-09-07 15:05:34,133] INFO [django.utils.autoreload:667] Watching for file changes with StatReloader
[2025-09-07 15:05:46,685] INFO [django.utils.autoreload:667] Watching for file changes with StatReloader
[2025-09-07 15:05:49,211] INFO [django.server:212] "GET / HTTP/1.1" 200 3654
[2025-09-07 15:05:54,680] INFO [django.server:212] "GET /reservation_book/ HTTP/1.1" 200 47562
[2025-09-07 15:06:11,558] DEBUG [python_http_client.client:267] POST Request: https://api.sendgrid.com/v3/mail/send
[2025-09-07 15:06:11,559] DEBUG [python_http_client.client:271] PAYLOAD: b'{"from": {"email": "oliver.p.hartmann@gmail.com"}, "subject": "Your Gambino\\u2019s Reservation Confirmation", "personalizations": [{"to": [{"email": "oliver.p.hartmann@gmail.com"}], "subject": "Your Gambino\\u2019s Reservation Confirmation"}], "content": [{"type": "text/plain", "value": "Hello Oliver, your reservation on 2025-09-07 at 19:20 is confirmed."}], "mail_settings": {"sandbox_mode": {"enable": false}}, "tracking_settings": {"click_tracking": {"enable": true, "enable_text": true}, "open_tracking": {"enable": true}}}'
[2025-09-07 15:06:11,559] DEBUG [python_http_client.client:273] HEADERS: {'Authorization': 'Bearer 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', 'User-agent': 'sendgrid/6.12.4;python', 'Accept': 'application/json', 'Content-type': 'application/json'}
[2025-09-07 15:06:12,207] DEBUG [python_http_client.client:280] POST Response: 202 b''
[2025-09-07 15:06:12,207] INFO [reservation_book.views:191] Would send SMS to +491607739482: Reservation confirmed for 2025-09-07 19_20
[2025-09-07 15:06:12,245] INFO [django.server:212] "POST /reservation_book/ HTTP/1.1" 200 28
[2025-09-07 15:23:25,815] INFO [django.utils.autoreload:265] C:\Users\paxto\Desktop\My Web Sites\gambinos_restaurant_and_lounge\reservation_book\views.py changed, reloading.
[2025-09-07 15:23:26,560] INFO [django.utils.autoreload:667] Watching for file changes with StatReloader
[2025-09-07 15:56:53,232] INFO [django.utils.autoreload:265] C:\Users\paxto\Desktop\My Web Sites\gambinos_restaurant_and_lounge\reservation_book\views.py changed, reloading.
[2025-09-07 15:56:54,014] INFO [django.utils.autoreload:667] Watching for file changes with StatReloader
[2025-09-07 16:13:55,846] INFO [django.utils.autoreload:265] C:\Users\paxto\Desktop\My Web Sites\gambinos_restaurant_and_lounge\reservation_book\views.py changed, reloading.
[2025-09-07 16:13:56,642] INFO [django.utils.autoreload:667] Watching for file changes with StatReloader
[2025-09-07 16:14:16,948] INFO [django.utils.autoreload:667] Watching for file changes with StatReloader
[2025-09-07 16:14:29,049] INFO [django.server:212] "GET / HTTP/1.1" 200 3654
[2025-09-07 16:14:35,535] INFO [reservation_book.views:114] make_reservation called, method=GET
[2025-09-07 16:14:37,615] INFO [django.server:212] "GET /reservation_book/ HTTP/1.1" 200 47560
[2025-09-07 16:14:54,366] INFO [reservation_book.views:114] make_reservation called, method=POST
[2025-09-07 16:14:54,566] DEBUG [python_http_client.client:267] POST Request: https://api.sendgrid.com/v3/mail/send
[2025-09-07 16:14:54,566] DEBUG [python_http_client.client:271] PAYLOAD: b'{"from": {"email": "no-reply@gambinosrestaurantandlounge.com"}, "subject": "Your Gambino\\u2019s Reservation Confirmation", "personalizations": [{"to": [{"email": "oliver.p.hartmann@gmail.com"}], "subject": "Your Gambino\\u2019s Reservation Confirmation"}], "content": [{"type": "text/plain", "value": "Hello Oliver, your reservation on 2025-09-08 at 17:00\\u201318:00 is confirmed."}], "mail_settings": {"sandbox_mode": {"enable": false}}, "tracking_settings": {"click_tracking": {"enable": true, "enable_text": true}, "open_tracking": {"enable": true}}}'
[2025-09-07 16:14:54,567] DEBUG [python_http_client.client:273] HEADERS: {'Authorization': 'Bearer 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', 'User-agent': 'sendgrid/6.12.4;python', 'Accept': 'application/json', 'Content-type': 'application/json'}
[2025-09-07 16:14:55,104] DEBUG [python_http_client.client:180] POST Response: 403 b'{"errors":[{"message":"The from address does not match a verified Sender Identity. Mail cannot be sent until this error is resolved. Visit https://sendgrid.com/docs/for-developers/sending-email/sender-identity/ to see the Sender Identity requirements","field":"from","help":null}]}'
[2025-09-07 16:14:55,104] ERROR [sendgrid_backend.mail:187] Failed to send email, error: HTTP Error 403: Forbidden, response body: b'{"errors":[{"message":"The from address does not match a verified Sender Identity. Mail cannot be sent until this error is resolved. Visit https://sendgrid.com/docs/for-developers/sending-email/sender-identity/ to see the Sender Identity requirements","field":"from","help":null}]}'
[2025-09-07 16:14:55,112] ERROR [reservation_book.views:181] Email sending failed: HTTP Error 403: Forbidden
[2025-09-07 16:14:55,112] ERROR [reservation_book.views:191] SMS sending failed: name 'os' is not defined
[2025-09-07 16:14:55,153] INFO [django.server:212] "POST /reservation_book/ HTTP/1.1" 200 28
[2025-09-07 16:27:18,117] INFO [django.utils.autoreload:667] Watching for file changes with StatReloader
[2025-09-07 16:27:20,836] INFO [django.server:212] "GET / HTTP/1.1" 200 3654
[2025-09-07 16:27:24,102] INFO [reservation_book.views:114] make_reservation called, method=GET
[2025-09-07 16:27:25,360] INFO [django.server:212] "GET /reservation_book/ HTTP/1.1" 200 47558
[2025-09-07 16:27:39,659] INFO [reservation_book.views:114] make_reservation called, method=POST
[2025-09-07 16:27:39,834] DEBUG [python_http_client.client:267] POST Request: https://api.sendgrid.com/v3/mail/send
[2025-09-07 16:27:39,834] DEBUG [python_http_client.client:271] PAYLOAD: b'{"from": {"email": "no-reply@gambinosrestaurantandlounge.com"}, "subject": "Your Gambino\\u2019s Reservation Confirmation", "personalizations": [{"to": [{"email": "oliver.p.hartmann@gmail.com"}], "subject": "Your Gambino\\u2019s Reservation Confirmation"}], "content": [{"type": "text/plain", "value": "Hello Oliver, your reservation on 2025-09-08 at 18:00\\u201319:00 is confirmed."}], "mail_settings": {"sandbox_mode": {"enable": false}}, "tracking_settings": {"click_tracking": {"enable": true, "enable_text": true}, "open_tracking": {"enable": true}}}'
[2025-09-07 16:27:39,835] DEBUG [python_http_client.client:273] HEADERS: {'Authorization': 'Bearer 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', 'User-agent': 'sendgrid/6.12.4;python', 'Accept': 'application/json', 'Content-type': 'application/json'}
[2025-09-07 16:27:40,360] DEBUG [python_http_client.client:180] POST Response: 403 b'{"errors":[{"message":"The from address does not match a verified Sender Identity. Mail cannot be sent until this error is resolved. Visit https://sendgrid.com/docs/for-developers/sending-email/sender-identity/ to see the Sender Identity requirements","field":"from","help":null}]}'
[2025-09-07 16:27:40,360] ERROR [sendgrid_backend.mail:187] Failed to send email, error: HTTP Error 403: Forbidden, response body: b'{"errors":[{"message":"The from address does not match a verified Sender Identity. Mail cannot be sent until this error is resolved. Visit https://sendgrid.com/docs/for-developers/sending-email/sender-identity/ to see the Sender Identity requirements","field":"from","help":null}]}'
[2025-09-07 16:27:40,361] ERROR [reservation_book.views:181] Email sending failed: HTTP Error 403: Forbidden
[2025-09-07 16:27:40,361] ERROR [reservation_book.views:191] SMS sending failed: name 'os' is not defined
[2025-09-07 16:27:40,395] INFO [django.server:212] "POST /reservation_book/ HTTP/1.1" 200 28
[2025-09-07 17:06:50,636] INFO [django.utils.autoreload:667] Watching for file changes with StatReloader
[2025-09-07 17:06:54,137] INFO [django.server:212] "GET / HTTP/1.1" 200 3654
[2025-09-07 17:06:59,147] INFO [reservation_book.views:114] make_reservation called, method=GET
[2025-09-07 17:07:00,110] INFO [django.server:212] "GET /reservation_book/ HTTP/1.1" 200 47556
[2025-09-07 17:07:13,257] INFO [reservation_book.views:114] make_reservation called, method=POST
[2025-09-07 17:07:13,449] DEBUG [python_http_client.client:267] POST Request: https://api.sendgrid.com/v3/mail/send
[2025-09-07 17:07:13,449] DEBUG [python_http_client.client:271] PAYLOAD: b'{"from": {"email": "no-reply@gambinosrestaurantandlounge.com"}, "subject": "Your Gambino\\u2019s Reservation Confirmation", "personalizations": [{"to": [{"email": "oliver.p.hartmann@gmail.com"}], "subject": "Your Gambino\\u2019s Reservation Confirmation"}], "content": [{"type": "text/plain", "value": "Hello Oliver, your reservation on 2025-09-08 at 18:00\\u201319:00 is confirmed."}], "mail_settings": {"sandbox_mode": {"enable": false}}, "tracking_settings": {"click_tracking": {"enable": true, "enable_text": true}, "open_tracking": {"enable": true}}}'
[2025-09-07 17:07:13,450] DEBUG [python_http_client.client:273] HEADERS: {'Authorization': 'Bearer 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', 'User-agent': 'sendgrid/6.12.4;python', 'Accept': 'application/json', 'Content-type': 'application/json'}
[2025-09-07 17:07:13,807] DEBUG [python_http_client.client:180] POST Response: 403 b'{"errors":[{"message":"The from address does not match a verified Sender Identity. Mail cannot be sent until this error is resolved. Visit https://sendgrid.com/docs/for-developers/sending-email/sender-identity/ to see the Sender Identity requirements","field":"from","help":null}]}'
[2025-09-07 17:07:13,808] ERROR [sendgrid_backend.mail:187] Failed to send email, error: HTTP Error 403: Forbidden, response body: b'{"errors":[{"message":"The from address does not match a verified Sender Identity. Mail cannot be sent until this error is resolved. Visit https://sendgrid.com/docs/for-developers/sending-email/sender-identity/ to see the Sender Identity requirements","field":"from","help":null}]}'
[2025-09-07 17:07:13,809] ERROR [reservation_book.views:181] Email sending failed: HTTP Error 403: Forbidden
[2025-09-07 17:07:13,809] ERROR [reservation_book.views:191] SMS sending failed: name 'os' is not defined
[2025-09-07 17:07:13,846] INFO [django.server:212] "POST /reservation_book/ HTTP/1.1" 200 28
[2025-09-07 17:14:07,321] INFO [django.utils.autoreload:667] Watching for file changes with StatReloader
[2025-09-07 17:14:20,178] INFO [django.server:212] "GET / HTTP/1.1" 200 3654
[2025-09-07 17:14:26,024] INFO [reservation_book.views:114] make_reservation called, method=GET
[2025-09-07 17:14:27,577] INFO [django.server:212] "GET /reservation_book/ HTTP/1.1" 200 47556
[2025-09-07 17:14:44,925] INFO [reservation_book.views:114] make_reservation called, method=POST
[2025-09-07 17:14:45,030] ERROR [reservation_book.views:181] Email sending failed: send_mail() missing 1 required positional argument: 'from_email'
[2025-09-07 17:14:45,031] ERROR [reservation_book.views:191] SMS sending failed: name 'os' is not defined
[2025-09-07 17:14:45,065] INFO [django.server:212] "POST /reservation_book/ HTTP/1.1" 200 28
[2025-09-07 17:17:35,971] INFO [django.utils.autoreload:265] C:\Users\paxto\Desktop\My Web Sites\gambinos_restaurant_and_lounge\reservation_book\views.py changed, reloading.
[2025-09-07 17:17:36,715] INFO [django.utils.autoreload:667] Watching for file changes with StatReloader
[2025-09-07 17:17:44,319] INFO [django.server:212] "GET / HTTP/1.1" 200 3654
[2025-09-07 17:18:00,171] INFO [reservation_book.views:114] make_reservation called, method=GET
[2025-09-07 17:18:01,215] INFO [django.server:212] "GET /reservation_book/ HTTP/1.1" 200 47556
[2025-09-07 17:18:15,986] INFO [reservation_book.views:114] make_reservation called, method=POST
[2025-09-07 17:18:16,154] DEBUG [python_http_client.client:267] POST Request: https://api.sendgrid.com/v3/mail/send
[2025-09-07 17:18:16,155] DEBUG [python_http_client.client:271] PAYLOAD: b'{"from": {"email": "oliver.p.hartmann@gmail.com"}, "subject": "Your Gambino\\u2019s Reservation Confirmation", "personalizations": [{"to": [{"email": "oliver.p.hartmann@gmail.com"}], "subject": "Your Gambino\\u2019s Reservation Confirmation"}], "content": [{"type": "text/plain", "value": "Hello Oliver, your reservation on 2025-09-08 at 17:00\\u201318:00 is confirmed."}], "mail_settings": {"sandbox_mode": {"enable": false}}, "tracking_settings": {"click_tracking": {"enable": true, "enable_text": true}, "open_tracking": {"enable": true}}}'
[2025-09-07 17:18:16,155] DEBUG [python_http_client.client:273] HEADERS: {'Authorization': 'Bearer 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', 'User-agent': 'sendgrid/6.12.4;python', 'Accept': 'application/json', 'Content-type': 'application/json'}
[2025-09-07 17:18:16,768] DEBUG [python_http_client.client:280] POST Response: 202 b''
[2025-09-07 17:18:16,769] INFO [reservation_book.views:179] Email sent to oliver.p.hartmann@gmail.com
[2025-09-07 17:18:16,769] ERROR [reservation_book.views:191] SMS sending failed: name 'os' is not defined
[2025-09-07 17:18:16,805] INFO [django.server:212] "POST /reservation_book/ HTTP/1.1" 200 28
[2025-09-07 17:22:07,464] INFO [django.utils.autoreload:265] C:\Users\paxto\Desktop\My Web Sites\gambinos_restaurant_and_lounge\reservation_book\views.py changed, reloading.
[2025-09-07 17:22:08,222] INFO [django.utils.autoreload:667] Watching for file changes with StatReloader
[2025-09-07 17:22:15,968] INFO [django.server:212] "GET / HTTP/1.1" 200 3654
[2025-09-07 17:22:19,291] INFO [reservation_book.views:115] make_reservation called, method=GET
[2025-09-07 17:22:20,672] INFO [django.server:212] "GET /reservation_book/ HTTP/1.1" 200 47556
[2025-09-07 17:22:35,672] INFO [reservation_book.views:115] make_reservation called, method=POST
[2025-09-07 17:22:35,842] DEBUG [python_http_client.client:267] POST Request: https://api.sendgrid.com/v3/mail/send
[2025-09-07 17:22:35,843] DEBUG [python_http_client.client:271] PAYLOAD: b'{"from": {"email": "oliver.p.hartmann@gmail.com"}, "subject": "Your Gambino\\u2019s Reservation Confirmation", "personalizations": [{"to": [{"email": "oliver.p.hartmann@gmail.com"}], "subject": "Your Gambino\\u2019s Reservation Confirmation"}], "content": [{"type": "text/plain", "value": "Hello Oliver, your reservation on 2025-09-08 at 17:00\\u201318:00 is confirmed."}], "mail_settings": {"sandbox_mode": {"enable": false}}, "tracking_settings": {"click_tracking": {"enable": true, "enable_text": true}, "open_tracking": {"enable": true}}}'
[2025-09-07 17:22:35,843] DEBUG [python_http_client.client:273] HEADERS: {'Authorization': 'Bearer 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', 'User-agent': 'sendgrid/6.12.4;python', 'Accept': 'application/json', 'Content-type': 'application/json'}
[2025-09-07 17:22:36,459] DEBUG [python_http_client.client:280] POST Response: 202 b''
[2025-09-07 17:22:36,459] INFO [reservation_book.views:180] Email sent to oliver.p.hartmann@gmail.com
[2025-09-07 17:22:36,460] ERROR [reservation_book.views:192] SMS sending failed: name 'settings' is not defined
[2025-09-07 17:22:36,495] INFO [django.server:212] "POST /reservation_book/ HTTP/1.1" 200 28
[2025-09-07 17:26:48,288] INFO [django.utils.autoreload:265] C:\Users\paxto\Desktop\My Web Sites\gambinos_restaurant_and_lounge\reservation_book\views.py changed, reloading.
[2025-09-07 17:26:49,144] INFO [django.utils.autoreload:667] Watching for file changes with StatReloader
[2025-09-07 17:29:01,553] INFO [django.utils.autoreload:265] C:\Users\paxto\Desktop\My Web Sites\gambinos_restaurant_and_lounge\reservation_book\views.py changed, reloading.
[2025-09-07 17:29:02,340] INFO [django.utils.autoreload:667] Watching for file changes with StatReloader
[2025-09-07 17:29:11,201] INFO [django.utils.autoreload:667] Watching for file changes with StatReloader
[2025-09-07 17:29:14,667] INFO [django.server:212] "GET / HTTP/1.1" 200 3654
[2025-09-07 17:29:17,314] INFO [reservation_book.views:130] make_reservation called, method=GET
[2025-09-07 17:29:18,313] INFO [django.server:212] "GET /reservation_book/ HTTP/1.1" 200 47556
[2025-09-07 17:29:29,453] INFO [reservation_book.views:130] make_reservation called, method=POST
[2025-09-07 17:29:29,613] DEBUG [python_http_client.client:267] POST Request: https://api.sendgrid.com/v3/mail/send
[2025-09-07 17:29:29,613] DEBUG [python_http_client.client:271] PAYLOAD: b'{"from": {"email": "oliver.p.hartmann@gmail.com"}, "subject": "Your Gambino\\u2019s Reservation Confirmation", "personalizations": [{"to": [{"email": "oliver.p.hartmann@gmail.com"}], "subject": "Your Gambino\\u2019s Reservation Confirmation"}], "content": [{"type": "text/plain", "value": "Hello Oliver, your reservation on 2025-09-07 at 18:00\\u201319:00 is confirmed."}], "mail_settings": {"sandbox_mode": {"enable": false}}, "tracking_settings": {"click_tracking": {"enable": true, "enable_text": true}, "open_tracking": {"enable": true}}}'
[2025-09-07 17:29:29,614] DEBUG [python_http_client.client:273] HEADERS: {'Authorization': 'Bearer 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', 'User-agent': 'sendgrid/6.12.4;python', 'Accept': 'application/json', 'Content-type': 'application/json'}
[2025-09-07 17:29:30,124] DEBUG [python_http_client.client:280] POST Response: 202 b''
[2025-09-07 17:29:30,125] INFO [reservation_book.views:195] Email sent to oliver.p.hartmann@gmail.com
[2025-09-07 17:29:30,331] INFO [twilio.http_client:56] -- BEGIN Twilio API Request --
[2025-09-07 17:29:30,332] INFO [twilio.http_client:66] POST Request: https://api.twilio.com/2010-04-01/Accounts/your_account_sid_here/Messages.json
[2025-09-07 17:29:30,332] INFO [twilio.http_client:69] Headers:
[2025-09-07 17:29:30,332] INFO [twilio.http_client:73] Content-Type : application/x-www-form-urlencoded
[2025-09-07 17:29:30,333] INFO [twilio.http_client:73] Accept : application/json
[2025-09-07 17:29:30,333] INFO [twilio.http_client:73] User-Agent : twilio-python/9.8.0 (Windows AMD64) Python/3.12.10
[2025-09-07 17:29:30,333] INFO [twilio.http_client:73] X-Twilio-Client : python-9.8.0
[2025-09-07 17:29:30,334] INFO [twilio.http_client:73] Accept-Charset : utf-8
[2025-09-07 17:29:30,334] INFO [twilio.http_client:75] -- END Twilio API Request --
[2025-09-07 17:29:30,335] DEBUG [urllib3.connectionpool:1049] Starting new HTTPS connection (1): api.twilio.com:443
[2025-09-07 17:29:30,857] DEBUG [urllib3.connectionpool:544] https://api.twilio.com:443 "POST /2010-04-01/Accounts/your_account_sid_here/Messages.json HTTP/1.1" 401 134
[2025-09-07 17:29:30,858] INFO [twilio.http_client:81] Response Status Code: 401
[2025-09-07 17:29:30,858] INFO [twilio.http_client:82] Response Headers: {'Content-Type': 'application/json', 'Content-Length': '134', 'Connection': 'keep-alive', 'Date': 'Sun, 07 Sep 2025 15:29:30 GMT', 'X-API-Domain': 'api.twilio.com', 'X-Verification-Disclosure': 'Message Accepted. Pending content verification for US/Canada destination numbers:', 'Www-Authenticate': 'Basic realm="Twilio API"', 'Twilio-Request-Id': 'RQ445ed05310941de243a026b9dd07c34c', 'X-Shenanigans': 'none', 'Access-Control-Allow-Origin': '*', 'Access-Control-Allow-Headers': 'Accept, Authorization, Content-Type, If-Match, If-Modified-Since, If-None-Match, If-Unmodified-Since, Idempotency-Key', 'Access-Control-Allow-Methods': 'GET, POST, DELETE, OPTIONS', 'Access-Control-Expose-Headers': 'ETag', 'Access-Control-Allow-Credentials': 'true', 'X-Powered-By': 'AT-5000', 'X-Home-Region': 'us1', 'X-Cache': 'Error from cloudfront', 'Via': '1.1 986e79a1f22b8bf29001818ede5df5c8.cloudfront.net (CloudFront)', 'X-Amz-Cf-Pop': 'MUC50-P1', 'X-Amz-Cf-Id': '4dM6YJzClBcfycLXLtgpHuTGUjXN4qwiMGH7ZrNmo1iKPGVnU0mMeg=='}
[2025-09-07 17:29:30,859] ERROR [reservation_book.views:115] SMS sending failed: 
[31m[49mHTTP Error[0m [37m[49mYour request was:[0m

[36m[49mPOST /Accounts/your_account_sid_here/Messages.json[0m

[37m[49mTwilio returned the following information:[0m

[34m[49mUnable to create record: Authentication Error - invalid username[0m

[37m[49mMore information may be available here:[0m

[34m[49mhttps://www.twilio.com/docs/errors/20003[0m

Traceback (most recent call last):
  File "C:\Users\paxto\Desktop\My Web Sites\gambinos_restaurant_and_lounge\reservation_book\views.py", line 105, in send_sms
    client.messages.create(
  File "C:\Users\paxto\Desktop\My Web Sites\gambinos_restaurant_and_lounge\.venv\Lib\site-packages\twilio\rest\api\v2010\account\message\__init__.py", line 589, in create
    payload = self._version.create(
              ^^^^^^^^^^^^^^^^^^^^^
  File "C:\Users\paxto\Desktop\My Web Sites\gambinos_restaurant_and_lounge\.venv\Lib\site-packages\twilio\base\version.py", line 463, in create
    return self._parse_create(method, uri, response)
           ^^^^^^^^^^^^^^^^^^^^^^^^^^^^^^^^^^^^^^^^^
  File "C:\Users\paxto\Desktop\My Web Sites\gambinos_restaurant_and_lounge\.venv\Lib\site-packages\twilio\base\version.py", line 435, in _parse_create
    raise self.exception(method, uri, response, "Unable to create record")
twilio.base.exceptions.TwilioRestException: 
[31m[49mHTTP Error[0m [37m[49mYour request was:[0m

[36m[49mPOST /Accounts/your_account_sid_here/Messages.json[0m

[37m[49mTwilio returned the following information:[0m

[34m[49mUnable to create record: Authentication Error - invalid username[0m

[37m[49mMore information may be available here:[0m

[34m[49mhttps://www.twilio.com/docs/errors/20003[0m


[2025-09-07 17:29:30,863] INFO [reservation_book.views:205] SMS sent to +491607739482
[2025-09-07 17:29:30,901] INFO [django.server:212] "POST /reservation_book/ HTTP/1.1" 200 28
[2025-09-07 17:53:46,723] INFO [django.utils.autoreload:667] Watching for file changes with StatReloader
[2025-09-07 17:53:49,942] INFO [django.server:212] "GET / HTTP/1.1" 200 3654
[2025-09-07 17:53:53,250] INFO [reservation_book.views:130] make_reservation called, method=GET
[2025-09-07 17:53:54,512] INFO [django.server:212] "GET /reservation_book/ HTTP/1.1" 200 47556
[2025-09-07 17:54:10,300] INFO [reservation_book.views:130] make_reservation called, method=POST
[2025-09-07 17:54:10,476] DEBUG [python_http_client.client:267] POST Request: https://api.sendgrid.com/v3/mail/send
[2025-09-07 17:54:10,476] DEBUG [python_http_client.client:271] PAYLOAD: b'{"from": {"email": "oliver.p.hartmann@gmail.com"}, "subject": "Your Gambino\\u2019s Reservation Confirmation", "personalizations": [{"to": [{"email": "oliver.p.hartmann@gmail.com"}], "subject": "Your Gambino\\u2019s Reservation Confirmation"}], "content": [{"type": "text/plain", "value": "Hello Oliver, your reservation on 2025-09-07 at 19:00\\u201320:00 is confirmed."}], "mail_settings": {"sandbox_mode": {"enable": false}}, "tracking_settings": {"click_tracking": {"enable": true, "enable_text": true}, "open_tracking": {"enable": true}}}'
[2025-09-07 17:54:10,477] DEBUG [python_http_client.client:273] HEADERS: {'Authorization': 'Bearer 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', 'User-agent': 'sendgrid/6.12.4;python', 'Accept': 'application/json', 'Content-type': 'application/json'}
[2025-09-07 17:54:11,048] DEBUG [python_http_client.client:280] POST Response: 202 b''
[2025-09-07 17:54:11,049] INFO [reservation_book.views:195] Email sent to oliver.p.hartmann@gmail.com
[2025-09-07 17:54:11,203] INFO [twilio.http_client:56] -- BEGIN Twilio API Request --
[2025-09-07 17:54:11,203] INFO [twilio.http_client:66] POST Request: https://api.twilio.com/2010-04-01/Accounts/your_account_sid_here/Messages.json
[2025-09-07 17:54:11,204] INFO [twilio.http_client:69] Headers:
[2025-09-07 17:54:11,204] INFO [twilio.http_client:73] Content-Type : application/x-www-form-urlencoded
[2025-09-07 17:54:11,204] INFO [twilio.http_client:73] Accept : application/json
[2025-09-07 17:54:11,204] INFO [twilio.http_client:73] User-Agent : twilio-python/9.8.0 (Windows AMD64) Python/3.12.10
[2025-09-07 17:54:11,205] INFO [twilio.http_client:73] X-Twilio-Client : python-9.8.0
[2025-09-07 17:54:11,205] INFO [twilio.http_client:73] Accept-Charset : utf-8
[2025-09-07 17:54:11,205] INFO [twilio.http_client:75] -- END Twilio API Request --
[2025-09-07 17:54:11,206] DEBUG [urllib3.connectionpool:1049] Starting new HTTPS connection (1): api.twilio.com:443
[2025-09-07 17:54:11,724] DEBUG [urllib3.connectionpool:544] https://api.twilio.com:443 "POST /2010-04-01/Accounts/your_account_sid_here/Messages.json HTTP/1.1" 401 134
[2025-09-07 17:54:11,725] INFO [twilio.http_client:81] Response Status Code: 401
[2025-09-07 17:54:11,725] INFO [twilio.http_client:82] Response Headers: {'Content-Type': 'application/json', 'Content-Length': '134', 'Connection': 'keep-alive', 'Date': 'Sun, 07 Sep 2025 15:54:11 GMT', 'X-API-Domain': 'api.twilio.com', 'X-Verification-Disclosure': 'Message Accepted. Pending content verification for US/Canada destination numbers:', 'Www-Authenticate': 'Basic realm="Twilio API"', 'Twilio-Request-Id': 'RQf81ab304990954aab2cfe65764e0a186', 'X-Shenanigans': 'none', 'Access-Control-Allow-Origin': '*', 'Access-Control-Allow-Headers': 'Accept, Authorization, Content-Type, If-Match, If-Modified-Since, If-None-Match, If-Unmodified-Since, Idempotency-Key', 'Access-Control-Allow-Methods': 'GET, POST, DELETE, OPTIONS', 'Access-Control-Expose-Headers': 'ETag', 'Access-Control-Allow-Credentials': 'true', 'X-Powered-By': 'AT-5000', 'X-Home-Region': 'us1', 'X-Cache': 'Error from cloudfront', 'Via': '1.1 8c1abfbb8460bed752668233d296dba8.cloudfront.net (CloudFront)', 'X-Amz-Cf-Pop': 'MUC50-P1', 'X-Amz-Cf-Id': 'XOIjzL1iNWqXzQqr2XZIGaI6fDZ9Dpg2uR-plYIrDK9yxWTIhpH-Ig=='}
[2025-09-07 17:54:11,726] ERROR [reservation_book.views:115] SMS sending failed: 
[31m[49mHTTP Error[0m [37m[49mYour request was:[0m

[36m[49mPOST /Accounts/your_account_sid_here/Messages.json[0m

[37m[49mTwilio returned the following information:[0m

[34m[49mUnable to create record: Authentication Error - invalid username[0m

[37m[49mMore information may be available here:[0m

[34m[49mhttps://www.twilio.com/docs/errors/20003[0m

Traceback (most recent call last):
  File "C:\Users\paxto\Desktop\My Web Sites\gambinos_restaurant_and_lounge\reservation_book\views.py", line 105, in send_sms
    client.messages.create(
  File "C:\Users\paxto\Desktop\My Web Sites\gambinos_restaurant_and_lounge\.venv\Lib\site-packages\twilio\rest\api\v2010\account\message\__init__.py", line 589, in create
    payload = self._version.create(
              ^^^^^^^^^^^^^^^^^^^^^
  File "C:\Users\paxto\Desktop\My Web Sites\gambinos_restaurant_and_lounge\.venv\Lib\site-packages\twilio\base\version.py", line 463, in create
    return self._parse_create(method, uri, response)
           ^^^^^^^^^^^^^^^^^^^^^^^^^^^^^^^^^^^^^^^^^
  File "C:\Users\paxto\Desktop\My Web Sites\gambinos_restaurant_and_lounge\.venv\Lib\site-packages\twilio\base\version.py", line 435, in _parse_create
    raise self.exception(method, uri, response, "Unable to create record")
twilio.base.exceptions.TwilioRestException: 
[31m[49mHTTP Error[0m [37m[49mYour request was:[0m

[36m[49mPOST /Accounts/your_account_sid_here/Messages.json[0m

[37m[49mTwilio returned the following information:[0m

[34m[49mUnable to create record: Authentication Error - invalid username[0m

[37m[49mMore information may be available here:[0m

[34m[49mhttps://www.twilio.com/docs/errors/20003[0m


[2025-09-07 17:54:11,729] INFO [reservation_book.views:205] SMS sent to +491607739482
[2025-09-07 17:54:11,766] INFO [django.server:212] "POST /reservation_book/ HTTP/1.1" 200 28
[2025-09-07 17:59:59,307] INFO [django.utils.autoreload:265] C:\Users\paxto\Desktop\My Web Sites\gambinos_restaurant_and_lounge\gambinos\settings.py changed, reloading.
[2025-09-07 18:00:00,180] INFO [django.utils.autoreload:667] Watching for file changes with StatReloader
[2025-09-07 18:04:17,579] INFO [django.utils.autoreload:265] C:\Users\paxto\Desktop\My Web Sites\gambinos_restaurant_and_lounge\reservation_book\views.py changed, reloading.
[2025-09-07 18:04:18,423] INFO [django.utils.autoreload:667] Watching for file changes with StatReloader
[2025-09-07 18:04:36,823] INFO [django.utils.autoreload:667] Watching for file changes with StatReloader
[2025-09-07 18:04:40,158] INFO [django.server:212] "GET / HTTP/1.1" 200 3654
[2025-09-07 18:04:45,364] INFO [reservation_book.views:115] make_reservation called, method=GET
[2025-09-07 18:04:47,055] INFO [django.server:212] "GET /reservation_book/ HTTP/1.1" 200 47556
[2025-09-07 18:05:01,124] INFO [reservation_book.views:115] make_reservation called, method=POST
[2025-09-07 18:05:01,302] DEBUG [python_http_client.client:267] POST Request: https://api.sendgrid.com/v3/mail/send
[2025-09-07 18:05:01,303] DEBUG [python_http_client.client:271] PAYLOAD: b'{"from": {"email": "oliver.p.hartmann@gmail.com"}, "subject": "Your Gambino\\u2019s Reservation Confirmation", "personalizations": [{"to": [{"email": "oliver.p.hartmann@gmail.com"}], "subject": "Your Gambino\\u2019s Reservation Confirmation"}], "content": [{"type": "text/plain", "value": "Hello Oliver, your reservation on 2025-09-08 at 18:00\\u201319:00 is confirmed."}], "mail_settings": {"sandbox_mode": {"enable": false}}, "tracking_settings": {"click_tracking": {"enable": true, "enable_text": true}, "open_tracking": {"enable": true}}}'
[2025-09-07 18:05:01,303] DEBUG [python_http_client.client:273] HEADERS: {'Authorization': 'Bearer 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', 'User-agent': 'sendgrid/6.12.4;python', 'Accept': 'application/json', 'Content-type': 'application/json'}
[2025-09-07 18:05:01,718] DEBUG [python_http_client.client:280] POST Response: 202 b''
[2025-09-07 18:05:01,719] INFO [reservation_book.views:180] Email sent to oliver.p.hartmann@gmail.com
[2025-09-07 18:05:01,864] INFO [twilio.http_client:56] -- BEGIN Twilio API Request --
[2025-09-07 18:05:01,864] INFO [twilio.http_client:66] POST Request: https://api.twilio.com/2010-04-01/Accounts/AC2969394648e15dec9e186368819ded0b/Messages.json
[2025-09-07 18:05:01,865] INFO [twilio.http_client:69] Headers:
[2025-09-07 18:05:01,865] INFO [twilio.http_client:73] Content-Type : application/x-www-form-urlencoded
[2025-09-07 18:05:01,865] INFO [twilio.http_client:73] Accept : application/json
[2025-09-07 18:05:01,865] INFO [twilio.http_client:73] User-Agent : twilio-python/9.8.0 (Windows AMD64) Python/3.12.10
[2025-09-07 18:05:01,865] INFO [twilio.http_client:73] X-Twilio-Client : python-9.8.0
[2025-09-07 18:05:01,866] INFO [twilio.http_client:73] Accept-Charset : utf-8
[2025-09-07 18:05:01,866] INFO [twilio.http_client:75] -- END Twilio API Request --
[2025-09-07 18:05:01,867] DEBUG [urllib3.connectionpool:1049] Starting new HTTPS connection (1): api.twilio.com:443
[2025-09-07 18:05:02,534] DEBUG [urllib3.connectionpool:544] https://api.twilio.com:443 "POST /2010-04-01/Accounts/AC2969394648e15dec9e186368819ded0b/Messages.json HTTP/1.1" 201 881
[2025-09-07 18:05:02,535] INFO [twilio.http_client:81] Response Status Code: 201
[2025-09-07 18:05:02,535] INFO [twilio.http_client:82] Response Headers: {'Content-Type': 'application/json;charset=utf-8', 'Content-Length': '881', 'Connection': 'keep-alive', 'Date': 'Sun, 07 Sep 2025 16:05:02 GMT', 'Twilio-Concurrent-Requests': '1', 'Twilio-Request-Id': 'RQf8168b5069e6803199302b4b7cc7fe83', 'Twilio-Request-Duration': '0.166', 'X-Home-Region': 'us1', 'X-API-Domain': 'api.twilio.com', 'Strict-Transport-Security': 'max-age=31536000', 'X-Cache': 'Miss from cloudfront', 'Via': '1.1 6ef87569c26a159f552948d3c30a2be0.cloudfront.net (CloudFront)', 'X-Amz-Cf-Pop': 'MUC50-P1', 'X-Amz-Cf-Id': 'dKGBhqqdTAr5SPKSp48IBXFmYKXSP_h1-OBLkcCrqo4yZ5z7Le_AUA==', 'X-Powered-By': 'AT-5000', 'X-Shenanigans': 'none', 'Vary': 'Origin'}
[2025-09-07 18:05:02,536] INFO [reservation_book.views:99] SMS sent to +491607739482, SID=SMf8168b5069e6803199302b4b7cc7fe83
[2025-09-07 18:05:02,537] INFO [reservation_book.views:190] SMS sent to +491607739482
[2025-09-07 18:05:02,575] INFO [django.server:212] "POST /reservation_book/ HTTP/1.1" 200 28
[2025-09-07 19:06:26,166] INFO [django.utils.autoreload:667] Watching for file changes with StatReloader
[2025-09-07 19:06:31,240] INFO [django.server:212] "GET / HTTP/1.1" 200 3654
[2025-09-07 19:06:33,512] INFO [reservation_book.views:115] make_reservation called, method=GET
[2025-09-07 19:06:35,045] INFO [django.server:212] "GET /reservation_book/ HTTP/1.1" 200 47556
[2025-09-07 19:06:47,302] INFO [reservation_book.views:115] make_reservation called, method=POST
[2025-09-07 19:06:47,709] DEBUG [python_http_client.client:267] POST Request: https://api.sendgrid.com/v3/mail/send
[2025-09-07 19:06:47,710] DEBUG [python_http_client.client:271] PAYLOAD: b'{"from": {"email": "oliver.p.hartmann@gmail.com"}, "subject": "Your Gambino\\u2019s Reservation Confirmation", "personalizations": [{"to": [{"email": "oliver.p.hartmann@gmail.com"}], "subject": "Your Gambino\\u2019s Reservation Confirmation"}], "content": [{"type": "text/plain", "value": "Hello Oliver, your reservation on 2025-09-08 at 19:00\\u201320:00 is confirmed."}], "mail_settings": {"sandbox_mode": {"enable": false}}, "tracking_settings": {"click_tracking": {"enable": true, "enable_text": true}, "open_tracking": {"enable": true}}}'
[2025-09-07 19:06:47,710] DEBUG [python_http_client.client:273] HEADERS: {'Authorization': 'Bearer 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', 'User-agent': 'sendgrid/6.12.4;python', 'Accept': 'application/json', 'Content-type': 'application/json'}
[2025-09-07 19:06:48,312] DEBUG [python_http_client.client:280] POST Response: 202 b''
[2025-09-07 19:06:48,313] INFO [reservation_book.views:180] Email sent to oliver.p.hartmann@gmail.com
[2025-09-07 19:06:48,458] INFO [twilio.http_client:56] -- BEGIN Twilio API Request --
[2025-09-07 19:06:48,459] INFO [twilio.http_client:66] POST Request: https://api.twilio.com/2010-04-01/Accounts/AC2969394648e15dec9e186368819ded0b/Messages.json
[2025-09-07 19:06:48,459] INFO [twilio.http_client:69] Headers:
[2025-09-07 19:06:48,459] INFO [twilio.http_client:73] Content-Type : application/x-www-form-urlencoded
[2025-09-07 19:06:48,460] INFO [twilio.http_client:73] Accept : application/json
[2025-09-07 19:06:48,460] INFO [twilio.http_client:73] User-Agent : twilio-python/9.8.0 (Windows AMD64) Python/3.12.10
[2025-09-07 19:06:48,460] INFO [twilio.http_client:73] X-Twilio-Client : python-9.8.0
[2025-09-07 19:06:48,460] INFO [twilio.http_client:73] Accept-Charset : utf-8
[2025-09-07 19:06:48,461] INFO [twilio.http_client:75] -- END Twilio API Request --
[2025-09-07 19:06:48,462] DEBUG [urllib3.connectionpool:1049] Starting new HTTPS connection (1): api.twilio.com:443
[2025-09-07 19:06:49,194] DEBUG [urllib3.connectionpool:544] https://api.twilio.com:443 "POST /2010-04-01/Accounts/AC2969394648e15dec9e186368819ded0b/Messages.json HTTP/1.1" 401 107
[2025-09-07 19:06:49,195] INFO [twilio.http_client:81] Response Status Code: 401
[2025-09-07 19:06:49,195] INFO [twilio.http_client:82] Response Headers: {'Content-Type': 'application/json', 'Content-Length': '107', 'Connection': 'keep-alive', 'Date': 'Sun, 07 Sep 2025 17:06:49 GMT', 'X-Twilio-Error-Code': '20003', 'Twilio-Request-Id': 'RQ43ea06f38db97be4faf784ad5ff594c9', 'Twilio-Request-Duration': '0.021', 'X-Home-Region': 'us1', 'X-API-Domain': 'api.twilio.com', 'Strict-Transport-Security': 'max-age=31536000', 'WWW-Authenticate': 'Basic realm="Twilio API"', 'X-Cache': 'Error from cloudfront', 'Via': '1.1 32700c539a5f821aadd3624288c4aeb6.cloudfront.net (CloudFront)', 'X-Amz-Cf-Pop': 'MUC50-P1', 'X-Amz-Cf-Id': 'JKvN93pKeMsgbLJUpVcEhPID7Iunrtl4oR3Sb4nCZr4thIHppAQFgw==', 'X-Powered-By': 'AT-5000', 'X-Shenanigans': 'none', 'Vary': 'Origin'}
[2025-09-07 19:06:49,196] ERROR [reservation_book.views:101] SMS sending failed: 
[31m[49mHTTP Error[0m [37m[49mYour request was:[0m

[36m[49mPOST /Accounts/AC2969394648e15dec9e186368819ded0b/Messages.json[0m

[37m[49mTwilio returned the following information:[0m

[34m[49mUnable to create record: Authenticate[0m

[37m[49mMore information may be available here:[0m

[34m[49mhttps://www.twilio.com/docs/errors/20003[0m


[2025-09-07 19:06:49,197] INFO [reservation_book.views:190] SMS sent to +491607739482
[2025-09-07 19:06:49,236] INFO [django.server:212] "POST /reservation_book/ HTTP/1.1" 200 28
[2025-09-07 19:17:50,040] INFO [django.utils.autoreload:265] C:\Users\paxto\Desktop\My Web Sites\gambinos_restaurant_and_lounge\reservation_book\views.py changed, reloading.
[2025-09-07 19:17:50,782] INFO [django.utils.autoreload:667] Watching for file changes with StatReloader
[2025-09-07 19:17:59,875] INFO [django.server:212] "GET / HTTP/1.1" 200 3654
[2025-09-07 19:18:06,072] INFO [reservation_book.views:115] make_reservation called, method=GET
[2025-09-07 19:18:07,167] INFO [django.server:212] "GET /reservation_book/ HTTP/1.1" 200 47554
[2025-09-07 19:18:18,314] INFO [reservation_book.views:115] make_reservation called, method=POST
[2025-09-07 19:18:18,507] DEBUG [python_http_client.client:267] POST Request: https://api.sendgrid.com/v3/mail/send
[2025-09-07 19:18:18,507] DEBUG [python_http_client.client:271] PAYLOAD: b'{"from": {"email": "oliver.p.hartmann@gmail.com"}, "subject": "Your Gambino\\u2019s Reservation Confirmation", "personalizations": [{"to": [{"email": "oliver.p.hartmann@gmail.com"}], "subject": "Your Gambino\\u2019s Reservation Confirmation"}], "content": [{"type": "text/plain", "value": "Hello Oliver, your reservation on 2025-09-08 at 19:00\\u201320:00 is confirmed."}], "mail_settings": {"sandbox_mode": {"enable": false}}, "tracking_settings": {"click_tracking": {"enable": true, "enable_text": true}, "open_tracking": {"enable": true}}}'
[2025-09-07 19:18:18,508] DEBUG [python_http_client.client:273] HEADERS: {'Authorization': 'Bearer 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', 'User-agent': 'sendgrid/6.12.4;python', 'Accept': 'application/json', 'Content-type': 'application/json'}
[2025-09-07 19:18:19,171] DEBUG [python_http_client.client:280] POST Response: 202 b''
[2025-09-07 19:18:19,172] INFO [reservation_book.views:180] Email sent to oliver.p.hartmann@gmail.com
[2025-09-07 19:18:19,320] INFO [twilio.http_client:56] -- BEGIN Twilio API Request --
[2025-09-07 19:18:19,322] INFO [twilio.http_client:66] POST Request: https://api.twilio.com/2010-04-01/Accounts/AC2969394648e15dec9e186368819ded0b/Messages.json
[2025-09-07 19:18:19,323] INFO [twilio.http_client:69] Headers:
[2025-09-07 19:18:19,323] INFO [twilio.http_client:73] Content-Type : application/x-www-form-urlencoded
[2025-09-07 19:18:19,323] INFO [twilio.http_client:73] Accept : application/json
[2025-09-07 19:18:19,324] INFO [twilio.http_client:73] User-Agent : twilio-python/9.8.0 (Windows AMD64) Python/3.12.10
[2025-09-07 19:18:19,324] INFO [twilio.http_client:73] X-Twilio-Client : python-9.8.0
[2025-09-07 19:18:19,324] INFO [twilio.http_client:73] Accept-Charset : utf-8
[2025-09-07 19:18:19,324] INFO [twilio.http_client:75] -- END Twilio API Request --
[2025-09-07 19:18:19,326] DEBUG [urllib3.connectionpool:1049] Starting new HTTPS connection (1): api.twilio.com:443
[2025-09-07 19:18:20,114] DEBUG [urllib3.connectionpool:544] https://api.twilio.com:443 "POST /2010-04-01/Accounts/AC2969394648e15dec9e186368819ded0b/Messages.json HTTP/1.1" 401 107
[2025-09-07 19:18:20,115] INFO [twilio.http_client:81] Response Status Code: 401
[2025-09-07 19:18:20,115] INFO [twilio.http_client:82] Response Headers: {'Content-Type': 'application/json', 'Content-Length': '107', 'Connection': 'keep-alive', 'Date': 'Sun, 07 Sep 2025 17:18:20 GMT', 'X-Twilio-Error-Code': '20003', 'Twilio-Request-Id': 'RQdbba5b11d5a8d0f281042d58ebfd0752', 'Twilio-Request-Duration': '0.015', 'X-Home-Region': 'us1', 'X-API-Domain': 'api.twilio.com', 'Strict-Transport-Security': 'max-age=31536000', 'WWW-Authenticate': 'Basic realm="Twilio API"', 'X-Cache': 'Error from cloudfront', 'Via': '1.1 32162aed20605276097da109dc97c5b0.cloudfront.net (CloudFront)', 'X-Amz-Cf-Pop': 'MUC50-P1', 'X-Amz-Cf-Id': 'w0nGaSX36KgS-DpxxbIdh1KM9LV841CxotwMF8XflQ3WIGFIZpJiBw==', 'X-Powered-By': 'AT-5000', 'X-Shenanigans': 'none', 'Vary': 'Origin'}
[2025-09-07 19:18:20,116] ERROR [reservation_book.views:101] SMS sending failed: 
[31m[49mHTTP Error[0m [37m[49mYour request was:[0m

[36m[49mPOST /Accounts/AC2969394648e15dec9e186368819ded0b/Messages.json[0m

[37m[49mTwilio returned the following information:[0m

[34m[49mUnable to create record: Authenticate[0m

[37m[49mMore information may be available here:[0m

[34m[49mhttps://www.twilio.com/docs/errors/20003[0m


[2025-09-07 19:18:20,116] INFO [reservation_book.views:190] SMS sent to +491607739482
[2025-09-07 19:18:20,156] INFO [django.server:212] "POST /reservation_book/ HTTP/1.1" 200 28
[2025-09-07 19:19:25,355] INFO [django.utils.autoreload:667] Watching for file changes with StatReloader
[2025-09-07 19:19:28,946] INFO [django.server:212] "GET / HTTP/1.1" 200 3654
[2025-09-07 19:19:36,729] INFO [reservation_book.views:115] make_reservation called, method=GET
[2025-09-07 19:19:38,014] INFO [django.server:212] "GET /reservation_book/ HTTP/1.1" 200 47554
[2025-09-07 19:19:49,753] INFO [reservation_book.views:115] make_reservation called, method=POST
[2025-09-07 19:19:50,131] DEBUG [python_http_client.client:267] POST Request: https://api.sendgrid.com/v3/mail/send
[2025-09-07 19:19:50,131] DEBUG [python_http_client.client:271] PAYLOAD: b'{"from": {"email": "oliver.p.hartmann@gmail.com"}, "subject": "Your Gambino\\u2019s Reservation Confirmation", "personalizations": [{"to": [{"email": "oliver.p.hartmann@gmail.com"}], "subject": "Your Gambino\\u2019s Reservation Confirmation"}], "content": [{"type": "text/plain", "value": "Hello Oliver, your reservation on 2025-09-07 at 20:00\\u201321:00 is confirmed."}], "mail_settings": {"sandbox_mode": {"enable": false}}, "tracking_settings": {"click_tracking": {"enable": true, "enable_text": true}, "open_tracking": {"enable": true}}}'
[2025-09-07 19:19:50,132] DEBUG [python_http_client.client:273] HEADERS: {'Authorization': 'Bearer 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', 'User-agent': 'sendgrid/6.12.4;python', 'Accept': 'application/json', 'Content-type': 'application/json'}
[2025-09-07 19:19:50,846] DEBUG [python_http_client.client:280] POST Response: 202 b''
[2025-09-07 19:19:50,847] INFO [reservation_book.views:180] Email sent to oliver.p.hartmann@gmail.com
[2025-09-07 19:19:51,034] INFO [twilio.http_client:56] -- BEGIN Twilio API Request --
[2025-09-07 19:19:51,035] INFO [twilio.http_client:66] POST Request: https://api.twilio.com/2010-04-01/Accounts/AC2969394648e15dec9e186368819ded0b/Messages.json
[2025-09-07 19:19:51,036] INFO [twilio.http_client:69] Headers:
[2025-09-07 19:19:51,036] INFO [twilio.http_client:73] Content-Type : application/x-www-form-urlencoded
[2025-09-07 19:19:51,037] INFO [twilio.http_client:73] Accept : application/json
[2025-09-07 19:19:51,037] INFO [twilio.http_client:73] User-Agent : twilio-python/9.8.0 (Windows AMD64) Python/3.12.10
[2025-09-07 19:19:51,037] INFO [twilio.http_client:73] X-Twilio-Client : python-9.8.0
[2025-09-07 19:19:51,037] INFO [twilio.http_client:73] Accept-Charset : utf-8
[2025-09-07 19:19:51,038] INFO [twilio.http_client:75] -- END Twilio API Request --
[2025-09-07 19:19:51,040] DEBUG [urllib3.connectionpool:1049] Starting new HTTPS connection (1): api.twilio.com:443
[2025-09-07 19:19:51,871] DEBUG [urllib3.connectionpool:544] https://api.twilio.com:443 "POST /2010-04-01/Accounts/AC2969394648e15dec9e186368819ded0b/Messages.json HTTP/1.1" 401 107
[2025-09-07 19:19:51,872] INFO [twilio.http_client:81] Response Status Code: 401
[2025-09-07 19:19:51,872] INFO [twilio.http_client:82] Response Headers: {'Content-Type': 'application/json', 'Content-Length': '107', 'Connection': 'keep-alive', 'Date': 'Sun, 07 Sep 2025 17:19:51 GMT', 'X-Twilio-Error-Code': '20003', 'Twilio-Request-Id': 'RQcdf4eb9e32bd244a15c451dbc410936e', 'Twilio-Request-Duration': '0.007', 'X-Home-Region': 'us1', 'X-API-Domain': 'api.twilio.com', 'Strict-Transport-Security': 'max-age=31536000', 'WWW-Authenticate': 'Basic realm="Twilio API"', 'X-Cache': 'Error from cloudfront', 'Via': '1.1 ec12d3de4ccd821a7e749609dcc62010.cloudfront.net (CloudFront)', 'X-Amz-Cf-Pop': 'MUC50-P1', 'X-Amz-Cf-Id': 'yNZrgN2qw_VaSh_C0e2E0i_2Sd2ZOlARXmmz7uvz6s6HT-g4ZfWqTg==', 'X-Powered-By': 'AT-5000', 'X-Shenanigans': 'none', 'Vary': 'Origin'}
[2025-09-07 19:19:51,873] ERROR [reservation_book.views:101] SMS sending failed: 
[31m[49mHTTP Error[0m [37m[49mYour request was:[0m

[36m[49mPOST /Accounts/AC2969394648e15dec9e186368819ded0b/Messages.json[0m

[37m[49mTwilio returned the following information:[0m

[34m[49mUnable to create record: Authenticate[0m

[37m[49mMore information may be available here:[0m

[34m[49mhttps://www.twilio.com/docs/errors/20003[0m


[2025-09-07 19:19:51,874] INFO [reservation_book.views:190] SMS sent to +491607739482
[2025-09-07 19:19:51,908] INFO [django.server:212] "POST /reservation_book/ HTTP/1.1" 200 28
[2025-09-07 19:32:19,819] INFO [django.utils.autoreload:667] Watching for file changes with StatReloader
[2025-09-07 19:32:23,890] INFO [django.server:212] "GET / HTTP/1.1" 200 3654
[2025-09-07 19:32:27,978] INFO [reservation_book.views:115] make_reservation called, method=GET
[2025-09-07 19:32:29,105] INFO [django.server:212] "GET /reservation_book/ HTTP/1.1" 200 47552
[2025-09-07 19:32:41,572] INFO [reservation_book.views:115] make_reservation called, method=POST
[2025-09-07 19:32:41,753] DEBUG [python_http_client.client:267] POST Request: https://api.sendgrid.com/v3/mail/send
[2025-09-07 19:32:41,753] DEBUG [python_http_client.client:271] PAYLOAD: b'{"from": {"email": "oliver.p.hartmann@gmail.com"}, "subject": "Your Gambino\\u2019s Reservation Confirmation", "personalizations": [{"to": [{"email": "oliver.p.hartmann@gmail.com"}], "subject": "Your Gambino\\u2019s Reservation Confirmation"}], "content": [{"type": "text/plain", "value": "Hello Oliver, your reservation on 2025-09-08 at 19:00\\u201320:00 is confirmed."}], "mail_settings": {"sandbox_mode": {"enable": false}}, "tracking_settings": {"click_tracking": {"enable": true, "enable_text": true}, "open_tracking": {"enable": true}}}'
[2025-09-07 19:32:41,754] DEBUG [python_http_client.client:273] HEADERS: {'Authorization': 'Bearer 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', 'User-agent': 'sendgrid/6.12.4;python', 'Accept': 'application/json', 'Content-type': 'application/json'}
[2025-09-07 19:32:42,263] DEBUG [python_http_client.client:280] POST Response: 202 b''
[2025-09-07 19:32:42,264] INFO [reservation_book.views:180] Email sent to oliver.p.hartmann@gmail.com
[2025-09-07 19:32:42,406] INFO [twilio.http_client:56] -- BEGIN Twilio API Request --
[2025-09-07 19:32:42,407] INFO [twilio.http_client:66] POST Request: https://api.twilio.com/2010-04-01/Accounts/AC2969394648e15dec9e186368819ded0b/Messages.json
[2025-09-07 19:32:42,407] INFO [twilio.http_client:69] Headers:
[2025-09-07 19:32:42,407] INFO [twilio.http_client:73] Content-Type : application/x-www-form-urlencoded
[2025-09-07 19:32:42,408] INFO [twilio.http_client:73] Accept : application/json
[2025-09-07 19:32:42,408] INFO [twilio.http_client:73] User-Agent : twilio-python/9.8.0 (Windows AMD64) Python/3.12.10
[2025-09-07 19:32:42,408] INFO [twilio.http_client:73] X-Twilio-Client : python-9.8.0
[2025-09-07 19:32:42,409] INFO [twilio.http_client:73] Accept-Charset : utf-8
[2025-09-07 19:32:42,409] INFO [twilio.http_client:75] -- END Twilio API Request --
[2025-09-07 19:32:42,410] DEBUG [urllib3.connectionpool:1049] Starting new HTTPS connection (1): api.twilio.com:443
[2025-09-07 19:32:43,116] DEBUG [urllib3.connectionpool:544] https://api.twilio.com:443 "POST /2010-04-01/Accounts/AC2969394648e15dec9e186368819ded0b/Messages.json HTTP/1.1" 401 107
[2025-09-07 19:32:43,117] INFO [twilio.http_client:81] Response Status Code: 401
[2025-09-07 19:32:43,117] INFO [twilio.http_client:82] Response Headers: {'Content-Type': 'application/json', 'Content-Length': '107', 'Connection': 'keep-alive', 'Date': 'Sun, 07 Sep 2025 17:32:43 GMT', 'X-Twilio-Error-Code': '20003', 'Twilio-Request-Id': 'RQ4c567191e0a2cb8c585563689c72bd8c', 'Twilio-Request-Duration': '0.020', 'X-Home-Region': 'us1', 'X-API-Domain': 'api.twilio.com', 'Strict-Transport-Security': 'max-age=31536000', 'WWW-Authenticate': 'Basic realm="Twilio API"', 'X-Cache': 'Error from cloudfront', 'Via': '1.1 cabdd49d8331afa937d15ebb470ea716.cloudfront.net (CloudFront)', 'X-Amz-Cf-Pop': 'MUC50-P1', 'X-Amz-Cf-Id': '4vLp9jjc81GO8mS-vY6rQxAG5Wq1IQ49QrJDRfJXFM2okpR0zsfXjA==', 'X-Powered-By': 'AT-5000', 'X-Shenanigans': 'none', 'Vary': 'Origin'}
[2025-09-07 19:32:43,117] ERROR [reservation_book.views:101] SMS sending failed: 
[31m[49mHTTP Error[0m [37m[49mYour request was:[0m

[36m[49mPOST /Accounts/AC2969394648e15dec9e186368819ded0b/Messages.json[0m

[37m[49mTwilio returned the following information:[0m

[34m[49mUnable to create record: Authenticate[0m

[37m[49mMore information may be available here:[0m

[34m[49mhttps://www.twilio.com/docs/errors/20003[0m


[2025-09-07 19:32:43,118] INFO [reservation_book.views:190] SMS sent to +491607739482
[2025-09-07 19:32:43,158] INFO [django.server:212] "POST /reservation_book/ HTTP/1.1" 200 28
[2025-09-07 19:37:20,676] INFO [django.utils.autoreload:265] C:\Users\paxto\Desktop\My Web Sites\gambinos_restaurant_and_lounge\gambinos\settings.py changed, reloading.
[2025-09-07 19:44:58,115] INFO [django.utils.autoreload:667] Watching for file changes with StatReloader
[2025-09-07 19:45:01,641] INFO [django.server:212] "GET / HTTP/1.1" 200 3654
[2025-09-07 19:45:04,646] INFO [reservation_book.views:115] make_reservation called, method=GET
[2025-09-07 19:45:05,995] INFO [django.server:212] "GET /reservation_book/ HTTP/1.1" 200 47552
[2025-09-07 19:45:18,972] INFO [reservation_book.views:115] make_reservation called, method=POST
[2025-09-07 19:45:19,157] DEBUG [python_http_client.client:267] POST Request: https://api.sendgrid.com/v3/mail/send
[2025-09-07 19:45:19,158] DEBUG [python_http_client.client:271] PAYLOAD: b'{"from": {"email": "oliver.p.hartmann@gmail.com"}, "subject": "Your Gambino\\u2019s Reservation Confirmation", "personalizations": [{"to": [{"email": "oliver.p.hartmann@gmail.com"}], "subject": "Your Gambino\\u2019s Reservation Confirmation"}], "content": [{"type": "text/plain", "value": "Hello Oliver, your reservation on 2025-09-08 at 18:00\\u201319:00 is confirmed."}], "mail_settings": {"sandbox_mode": {"enable": false}}, "tracking_settings": {"click_tracking": {"enable": true, "enable_text": true}, "open_tracking": {"enable": true}}}'
[2025-09-07 19:45:19,158] DEBUG [python_http_client.client:273] HEADERS: {'Authorization': 'Bearer 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', 'User-agent': 'sendgrid/6.12.4;python', 'Accept': 'application/json', 'Content-type': 'application/json'}
[2025-09-07 19:45:19,596] DEBUG [python_http_client.client:280] POST Response: 202 b''
[2025-09-07 19:45:19,597] INFO [reservation_book.views:180] Email sent to oliver.p.hartmann@gmail.com
[2025-09-07 19:45:19,743] INFO [twilio.http_client:56] -- BEGIN Twilio API Request --
[2025-09-07 19:45:19,745] INFO [twilio.http_client:66] POST Request: https://api.twilio.com/2010-04-01/Accounts/AC2969394648e15dec9e186368819ded0b/Messages.json
[2025-09-07 19:45:19,745] INFO [twilio.http_client:69] Headers:
[2025-09-07 19:45:19,745] INFO [twilio.http_client:73] Content-Type : application/x-www-form-urlencoded
[2025-09-07 19:45:19,746] INFO [twilio.http_client:73] Accept : application/json
[2025-09-07 19:45:19,746] INFO [twilio.http_client:73] User-Agent : twilio-python/9.8.0 (Windows AMD64) Python/3.12.10
[2025-09-07 19:45:19,746] INFO [twilio.http_client:73] X-Twilio-Client : python-9.8.0
[2025-09-07 19:45:19,746] INFO [twilio.http_client:73] Accept-Charset : utf-8
[2025-09-07 19:45:19,747] INFO [twilio.http_client:75] -- END Twilio API Request --
[2025-09-07 19:45:19,748] DEBUG [urllib3.connectionpool:1049] Starting new HTTPS connection (1): api.twilio.com:443
[2025-09-07 19:45:20,247] DEBUG [urllib3.connectionpool:544] https://api.twilio.com:443 "POST /2010-04-01/Accounts/AC2969394648e15dec9e186368819ded0b/Messages.json HTTP/1.1" 401 107
[2025-09-07 19:45:20,248] INFO [twilio.http_client:81] Response Status Code: 401
[2025-09-07 19:45:20,248] INFO [twilio.http_client:82] Response Headers: {'Content-Type': 'application/json', 'Content-Length': '107', 'Connection': 'keep-alive', 'Date': 'Sun, 07 Sep 2025 17:45:20 GMT', 'X-Twilio-Error-Code': '20003', 'Twilio-Request-Id': 'RQc12e105febde82a31a1457d0a543b401', 'Twilio-Request-Duration': '0.013', 'X-Home-Region': 'us1', 'X-API-Domain': 'api.twilio.com', 'Strict-Transport-Security': 'max-age=31536000', 'WWW-Authenticate': 'Basic realm="Twilio API"', 'X-Cache': 'Error from cloudfront', 'Via': '1.1 28e56b9ddced4ed414e75f87cbd0d976.cloudfront.net (CloudFront)', 'X-Amz-Cf-Pop': 'MUC50-P1', 'X-Amz-Cf-Id': '5EZefY28D16CVs0Nl10wTm4fW0sRSKSq2JT2wlTrPEpAXeGblD4Jlg==', 'X-Powered-By': 'AT-5000', 'X-Shenanigans': 'none', 'Vary': 'Origin'}
[2025-09-07 19:45:20,249] ERROR [reservation_book.views:101] SMS sending failed: 
[31m[49mHTTP Error[0m [37m[49mYour request was:[0m

[36m[49mPOST /Accounts/AC2969394648e15dec9e186368819ded0b/Messages.json[0m

[37m[49mTwilio returned the following information:[0m

[34m[49mUnable to create record: Authenticate[0m

[37m[49mMore information may be available here:[0m

[34m[49mhttps://www.twilio.com/docs/errors/20003[0m


[2025-09-07 19:45:20,250] INFO [reservation_book.views:190] SMS sent to +491607739482
[2025-09-07 19:45:20,286] INFO [django.server:212] "POST /reservation_book/ HTTP/1.1" 200 28
[2025-09-07 19:55:45,376] INFO [django.utils.autoreload:667] Watching for file changes with StatReloader
[2025-09-07 19:55:51,895] INFO [django.server:212] "GET / HTTP/1.1" 200 3654
[2025-09-07 19:55:54,733] INFO [reservation_book.views:117] make_reservation called, method=GET
[2025-09-07 19:55:56,148] INFO [django.server:212] "GET /reservation_book/ HTTP/1.1" 200 47552
[2025-09-07 19:56:08,623] INFO [reservation_book.views:117] make_reservation called, method=POST
[2025-09-07 19:56:08,816] DEBUG [python_http_client.client:267] POST Request: https://api.sendgrid.com/v3/mail/send
[2025-09-07 19:56:08,817] DEBUG [python_http_client.client:271] PAYLOAD: b'{"from": {"email": "oliver.p.hartmann@gmail.com"}, "subject": "Your Gambino\\u2019s Reservation Confirmation", "personalizations": [{"to": [{"email": "oliver.p.hartmann@gmail.com"}], "subject": "Your Gambino\\u2019s Reservation Confirmation"}], "content": [{"type": "text/plain", "value": "Hello Oliver, your reservation on 2025-09-08 at 19:00\\u201320:00 is confirmed."}], "mail_settings": {"sandbox_mode": {"enable": false}}, "tracking_settings": {"click_tracking": {"enable": true, "enable_text": true}, "open_tracking": {"enable": true}}}'
[2025-09-07 19:56:08,817] DEBUG [python_http_client.client:273] HEADERS: {'Authorization': 'Bearer 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', 'User-agent': 'sendgrid/6.12.4;python', 'Accept': 'application/json', 'Content-type': 'application/json'}
[2025-09-07 19:56:09,168] DEBUG [python_http_client.client:280] POST Response: 202 b''
[2025-09-07 19:56:09,169] INFO [reservation_book.views:182] Email sent to oliver.p.hartmann@gmail.com
[2025-09-07 19:56:09,169] INFO [reservation_book.views:90] Using SID=AC2969394648e15dec9e186368819ded0b, TOKEN length=32
[2025-09-07 19:56:09,277] INFO [twilio.http_client:56] -- BEGIN Twilio API Request --
[2025-09-07 19:56:09,277] INFO [twilio.http_client:66] POST Request: https://api.twilio.com/2010-04-01/Accounts/AC2969394648e15dec9e186368819ded0b/Messages.json
[2025-09-07 19:56:09,278] INFO [twilio.http_client:69] Headers:
[2025-09-07 19:56:09,278] INFO [twilio.http_client:73] Content-Type : application/x-www-form-urlencoded
[2025-09-07 19:56:09,279] INFO [twilio.http_client:73] Accept : application/json
[2025-09-07 19:56:09,279] INFO [twilio.http_client:73] User-Agent : twilio-python/9.8.0 (Windows AMD64) Python/3.12.10
[2025-09-07 19:56:09,279] INFO [twilio.http_client:73] X-Twilio-Client : python-9.8.0
[2025-09-07 19:56:09,279] INFO [twilio.http_client:73] Accept-Charset : utf-8
[2025-09-07 19:56:09,280] INFO [twilio.http_client:75] -- END Twilio API Request --
[2025-09-07 19:56:09,281] DEBUG [urllib3.connectionpool:1049] Starting new HTTPS connection (1): api.twilio.com:443
[2025-09-07 19:56:10,003] DEBUG [urllib3.connectionpool:544] https://api.twilio.com:443 "POST /2010-04-01/Accounts/AC2969394648e15dec9e186368819ded0b/Messages.json HTTP/1.1" 401 107
[2025-09-07 19:56:10,004] INFO [twilio.http_client:81] Response Status Code: 401
[2025-09-07 19:56:10,004] INFO [twilio.http_client:82] Response Headers: {'Content-Type': 'application/json', 'Content-Length': '107', 'Connection': 'keep-alive', 'Date': 'Sun, 07 Sep 2025 17:56:09 GMT', 'X-Twilio-Error-Code': '20003', 'Twilio-Request-Id': 'RQafae97806dc775f811d731f529327d58', 'Twilio-Request-Duration': '0.017', 'X-Home-Region': 'us1', 'X-API-Domain': 'api.twilio.com', 'Strict-Transport-Security': 'max-age=31536000', 'WWW-Authenticate': 'Basic realm="Twilio API"', 'X-Cache': 'Error from cloudfront', 'Via': '1.1 033e374ece012797cbee0d505e2e61b4.cloudfront.net (CloudFront)', 'X-Amz-Cf-Pop': 'MUC50-P1', 'X-Amz-Cf-Id': 'D0uuYmiM_GvmpRPo3hNXTTm--IDQnlZmxlvhO95Ke92pyVnLnUpuZQ==', 'X-Powered-By': 'AT-5000', 'X-Shenanigans': 'none', 'Vary': 'Origin'}
[2025-09-07 19:56:10,005] ERROR [reservation_book.views:103] SMS sending failed: 
[31m[49mHTTP Error[0m [37m[49mYour request was:[0m

[36m[49mPOST /Accounts/AC2969394648e15dec9e186368819ded0b/Messages.json[0m

[37m[49mTwilio returned the following information:[0m

[34m[49mUnable to create record: Authenticate[0m

[37m[49mMore information may be available here:[0m

[34m[49mhttps://www.twilio.com/docs/errors/20003[0m


[2025-09-07 19:56:10,006] INFO [reservation_book.views:192] SMS sent to +491607739482
[2025-09-07 19:56:10,046] INFO [django.server:212] "POST /reservation_book/ HTTP/1.1" 200 28
[2025-09-07 20:13:34,723] INFO [django.utils.autoreload:667] Watching for file changes with StatReloader
[2025-09-07 20:13:37,460] INFO [django.server:212] "GET / HTTP/1.1" 200 3654
[2025-09-07 20:13:41,096] INFO [reservation_book.views:117] make_reservation called, method=GET
[2025-09-07 20:13:43,451] INFO [django.server:212] "GET /reservation_book/ HTTP/1.1" 200 47552
[2025-09-07 20:13:53,819] INFO [reservation_book.views:117] make_reservation called, method=POST
[2025-09-07 20:13:54,006] DEBUG [python_http_client.client:267] POST Request: https://api.sendgrid.com/v3/mail/send
[2025-09-07 20:13:54,006] DEBUG [python_http_client.client:271] PAYLOAD: b'{"from": {"email": "oliver.p.hartmann@gmail.com"}, "subject": "Your Gambino\\u2019s Reservation Confirmation", "personalizations": [{"to": [{"email": "oliver.p.hartmann@gmail.com"}], "subject": "Your Gambino\\u2019s Reservation Confirmation"}], "content": [{"type": "text/plain", "value": "Hello Oliver, your reservation on 2025-09-07 at 19:00\\u201320:00 is confirmed."}], "mail_settings": {"sandbox_mode": {"enable": false}}, "tracking_settings": {"click_tracking": {"enable": true, "enable_text": true}, "open_tracking": {"enable": true}}}'
[2025-09-07 20:13:54,007] DEBUG [python_http_client.client:273] HEADERS: {'Authorization': 'Bearer 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', 'User-agent': 'sendgrid/6.12.4;python', 'Accept': 'application/json', 'Content-type': 'application/json'}
[2025-09-07 20:13:54,572] DEBUG [python_http_client.client:280] POST Response: 202 b''
[2025-09-07 20:13:54,573] INFO [reservation_book.views:182] Email sent to oliver.p.hartmann@gmail.com
[2025-09-07 20:13:54,573] INFO [reservation_book.views:90] Using SID=AC2969394648e15dec9e186368819ded0b, TOKEN length=32
[2025-09-07 20:13:54,723] INFO [twilio.http_client:56] -- BEGIN Twilio API Request --
[2025-09-07 20:13:54,724] INFO [twilio.http_client:66] POST Request: https://api.twilio.com/2010-04-01/Accounts/AC2969394648e15dec9e186368819ded0b/Messages.json
[2025-09-07 20:13:54,724] INFO [twilio.http_client:69] Headers:
[2025-09-07 20:13:54,724] INFO [twilio.http_client:73] Content-Type : application/x-www-form-urlencoded
[2025-09-07 20:13:54,725] INFO [twilio.http_client:73] Accept : application/json
[2025-09-07 20:13:54,725] INFO [twilio.http_client:73] User-Agent : twilio-python/9.8.0 (Windows AMD64) Python/3.12.10
[2025-09-07 20:13:54,725] INFO [twilio.http_client:73] X-Twilio-Client : python-9.8.0
[2025-09-07 20:13:54,726] INFO [twilio.http_client:73] Accept-Charset : utf-8
[2025-09-07 20:13:54,726] INFO [twilio.http_client:75] -- END Twilio API Request --
[2025-09-07 20:13:54,727] DEBUG [urllib3.connectionpool:1049] Starting new HTTPS connection (1): api.twilio.com:443
[2025-09-07 20:13:55,260] DEBUG [urllib3.connectionpool:544] https://api.twilio.com:443 "POST /2010-04-01/Accounts/AC2969394648e15dec9e186368819ded0b/Messages.json HTTP/1.1" 401 107
[2025-09-07 20:13:55,261] INFO [twilio.http_client:81] Response Status Code: 401
[2025-09-07 20:13:55,261] INFO [twilio.http_client:82] Response Headers: {'Content-Type': 'application/json', 'Content-Length': '107', 'Connection': 'keep-alive', 'Date': 'Sun, 07 Sep 2025 18:13:55 GMT', 'X-Twilio-Error-Code': '20003', 'Twilio-Request-Id': 'RQa6ead43f852c2a3d264acbffd5a5a96d', 'Twilio-Request-Duration': '0.014', 'X-Home-Region': 'us1', 'X-API-Domain': 'api.twilio.com', 'Strict-Transport-Security': 'max-age=31536000', 'WWW-Authenticate': 'Basic realm="Twilio API"', 'X-Cache': 'Error from cloudfront', 'Via': '1.1 28e56b9ddced4ed414e75f87cbd0d976.cloudfront.net (CloudFront)', 'X-Amz-Cf-Pop': 'MUC50-P1', 'X-Amz-Cf-Id': 'QPL8Eig_Vu2BJ0ZxxhXXlc0KsEyq3TsohXw8mnaddYWH1EAIO_n8rw==', 'X-Powered-By': 'AT-5000', 'X-Shenanigans': 'none', 'Vary': 'Origin'}
[2025-09-07 20:13:55,262] ERROR [reservation_book.views:103] SMS sending failed: 
[31m[49mHTTP Error[0m [37m[49mYour request was:[0m

[36m[49mPOST /Accounts/AC2969394648e15dec9e186368819ded0b/Messages.json[0m

[37m[49mTwilio returned the following information:[0m

[34m[49mUnable to create record: Authenticate[0m

[37m[49mMore information may be available here:[0m

[34m[49mhttps://www.twilio.com/docs/errors/20003[0m


[2025-09-07 20:13:55,262] INFO [reservation_book.views:192] SMS sent to +491607739482
[2025-09-07 20:13:55,303] INFO [django.server:212] "POST /reservation_book/ HTTP/1.1" 200 28
[2025-09-07 20:23:15,656] INFO [django.utils.autoreload:667] Watching for file changes with StatReloader
[2025-09-07 20:23:18,587] INFO [django.server:212] "GET / HTTP/1.1" 200 3654
[2025-09-07 20:23:36,120] INFO [reservation_book.views:117] make_reservation called, method=GET
[2025-09-07 20:23:37,829] INFO [django.server:212] "GET /reservation_book/ HTTP/1.1" 200 47552
[2025-09-07 20:23:47,038] INFO [reservation_book.views:117] make_reservation called, method=POST
[2025-09-07 20:23:47,233] DEBUG [python_http_client.client:267] POST Request: https://api.sendgrid.com/v3/mail/send
[2025-09-07 20:23:47,233] DEBUG [python_http_client.client:271] PAYLOAD: b'{"from": {"email": "oliver.p.hartmann@gmail.com"}, "subject": "Your Gambino\\u2019s Reservation Confirmation", "personalizations": [{"to": [{"email": "oliver.p.hartmann@gmail.com"}], "subject": "Your Gambino\\u2019s Reservation Confirmation"}], "content": [{"type": "text/plain", "value": "Hello Oliver, your reservation on 2025-09-07 at 18:00\\u201319:00 is confirmed."}], "mail_settings": {"sandbox_mode": {"enable": false}}, "tracking_settings": {"click_tracking": {"enable": true, "enable_text": true}, "open_tracking": {"enable": true}}}'
[2025-09-07 20:23:47,234] DEBUG [python_http_client.client:273] HEADERS: {'Authorization': 'Bearer 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', 'User-agent': 'sendgrid/6.12.4;python', 'Accept': 'application/json', 'Content-type': 'application/json'}
[2025-09-07 20:23:47,850] DEBUG [python_http_client.client:280] POST Response: 202 b''
[2025-09-07 20:23:47,851] INFO [reservation_book.views:182] Email sent to oliver.p.hartmann@gmail.com
[2025-09-07 20:23:47,851] INFO [reservation_book.views:90] Using SID=AC2969394648e15dec9e186368819ded0b, TOKEN length=32
[2025-09-07 20:23:48,009] INFO [twilio.http_client:56] -- BEGIN Twilio API Request --
[2025-09-07 20:23:48,009] INFO [twilio.http_client:66] POST Request: https://api.twilio.com/2010-04-01/Accounts/AC2969394648e15dec9e186368819ded0b/Messages.json
[2025-09-07 20:23:48,009] INFO [twilio.http_client:69] Headers:
[2025-09-07 20:23:48,009] INFO [twilio.http_client:73] Content-Type : application/x-www-form-urlencoded
[2025-09-07 20:23:48,010] INFO [twilio.http_client:73] Accept : application/json
[2025-09-07 20:23:48,010] INFO [twilio.http_client:73] User-Agent : twilio-python/9.8.0 (Windows AMD64) Python/3.12.10
[2025-09-07 20:23:48,010] INFO [twilio.http_client:73] X-Twilio-Client : python-9.8.0
[2025-09-07 20:23:48,010] INFO [twilio.http_client:73] Accept-Charset : utf-8
[2025-09-07 20:23:48,010] INFO [twilio.http_client:75] -- END Twilio API Request --
[2025-09-07 20:23:48,012] DEBUG [urllib3.connectionpool:1049] Starting new HTTPS connection (1): api.twilio.com:443
[2025-09-07 20:23:48,743] DEBUG [urllib3.connectionpool:544] https://api.twilio.com:443 "POST /2010-04-01/Accounts/AC2969394648e15dec9e186368819ded0b/Messages.json HTTP/1.1" 401 107
[2025-09-07 20:23:48,744] INFO [twilio.http_client:81] Response Status Code: 401
[2025-09-07 20:23:48,744] INFO [twilio.http_client:82] Response Headers: {'Content-Type': 'application/json', 'Content-Length': '107', 'Connection': 'keep-alive', 'Date': 'Sun, 07 Sep 2025 18:23:48 GMT', 'X-Twilio-Error-Code': '20003', 'Twilio-Request-Id': 'RQa8c36c29f1572da4c9d0253c4997e8b6', 'Twilio-Request-Duration': '0.017', 'X-Home-Region': 'us1', 'X-API-Domain': 'api.twilio.com', 'Strict-Transport-Security': 'max-age=31536000', 'WWW-Authenticate': 'Basic realm="Twilio API"', 'X-Cache': 'Error from cloudfront', 'Via': '1.1 3ddbbcaacc1ba68ddfab04ef45c3ca98.cloudfront.net (CloudFront)', 'X-Amz-Cf-Pop': 'MUC50-P1', 'X-Amz-Cf-Id': 'H72kFDJw_OR8Sp75Ch6o5Q17MoyXu2CYg4c_Ol7Es16_Z6zRo_Frig==', 'X-Powered-By': 'AT-5000', 'X-Shenanigans': 'none', 'Vary': 'Origin'}
[2025-09-07 20:23:48,745] ERROR [reservation_book.views:103] SMS sending failed: 
[31m[49mHTTP Error[0m [37m[49mYour request was:[0m

[36m[49mPOST /Accounts/AC2969394648e15dec9e186368819ded0b/Messages.json[0m

[37m[49mTwilio returned the following information:[0m

[34m[49mUnable to create record: Authenticate[0m

[37m[49mMore information may be available here:[0m

[34m[49mhttps://www.twilio.com/docs/errors/20003[0m


[2025-09-07 20:23:48,746] INFO [reservation_book.views:192] SMS sent to +491607739482
[2025-09-07 20:23:48,785] INFO [django.server:212] "POST /reservation_book/ HTTP/1.1" 200 28
[2025-09-07 20:25:00,449] INFO [twilio.http_client:56] -- BEGIN Twilio API Request --
[2025-09-07 20:25:00,450] INFO [twilio.http_client:66] POST Request: https://api.twilio.com/2010-04-01/Accounts/AC2969394648e15dec9e186368819ded0b/Messages.json
[2025-09-07 20:25:00,450] INFO [twilio.http_client:69] Headers:
[2025-09-07 20:25:00,450] INFO [twilio.http_client:73] Content-Type : application/x-www-form-urlencoded
[2025-09-07 20:25:00,450] INFO [twilio.http_client:73] Accept : application/json
[2025-09-07 20:25:00,451] INFO [twilio.http_client:73] User-Agent : twilio-python/9.8.0 (Windows AMD64) Python/3.12.10
[2025-09-07 20:25:00,451] INFO [twilio.http_client:73] X-Twilio-Client : python-9.8.0
[2025-09-07 20:25:00,451] INFO [twilio.http_client:73] Accept-Charset : utf-8
[2025-09-07 20:25:00,451] INFO [twilio.http_client:75] -- END Twilio API Request --
[2025-09-07 20:25:00,453] DEBUG [urllib3.connectionpool:1049] Starting new HTTPS connection (1): api.twilio.com:443
[2025-09-07 20:25:00,953] DEBUG [urllib3.connectionpool:544] https://api.twilio.com:443 "POST /2010-04-01/Accounts/AC2969394648e15dec9e186368819ded0b/Messages.json HTTP/1.1" 401 107
[2025-09-07 20:25:00,954] INFO [twilio.http_client:81] Response Status Code: 401
[2025-09-07 20:25:00,954] INFO [twilio.http_client:82] Response Headers: {'Content-Type': 'application/json', 'Content-Length': '107', 'Connection': 'keep-alive', 'Date': 'Sun, 07 Sep 2025 18:25:00 GMT', 'X-Twilio-Error-Code': '20003', 'Twilio-Request-Id': 'RQ23c2b7d4b2a11aaa93cb62139e635c30', 'Twilio-Request-Duration': '0.009', 'X-Home-Region': 'us1', 'X-API-Domain': 'api.twilio.com', 'Strict-Transport-Security': 'max-age=31536000', 'WWW-Authenticate': 'Basic realm="Twilio API"', 'X-Cache': 'Error from cloudfront', 'Via': '1.1 8c1abfbb8460bed752668233d296dba8.cloudfront.net (CloudFront)', 'X-Amz-Cf-Pop': 'MUC50-P1', 'X-Amz-Cf-Id': '6ZxZoL1l_VK5zBBK1qT-HE89nmCkPIfEzbE2dMvvl0GUzOqiRgQEQQ==', 'X-Powered-By': 'AT-5000', 'X-Shenanigans': 'none', 'Vary': 'Origin'}
[2025-09-07 20:42:27,015] INFO [django.utils.autoreload:667] Watching for file changes with StatReloader
[2025-09-07 20:42:29,948] INFO [django.server:212] "GET / HTTP/1.1" 200 3654
[2025-09-07 20:42:32,127] INFO [reservation_book.views:117] make_reservation called, method=GET
[2025-09-07 20:42:33,194] INFO [django.server:212] "GET /reservation_book/ HTTP/1.1" 200 47552
[2025-09-07 20:43:00,543] INFO [reservation_book.views:117] make_reservation called, method=POST
[2025-09-07 20:43:00,860] DEBUG [python_http_client.client:267] POST Request: https://api.sendgrid.com/v3/mail/send
[2025-09-07 20:43:00,861] DEBUG [python_http_client.client:271] PAYLOAD: b'{"from": {"email": "oliver.p.hartmann@gmail.com"}, "subject": "Your Gambino\\u2019s Reservation Confirmation", "personalizations": [{"to": [{"email": "oliver.p.hartmann@gmail.com"}], "subject": "Your Gambino\\u2019s Reservation Confirmation"}], "content": [{"type": "text/plain", "value": "Hello Oliver, your reservation on 2025-09-08 at 18:00\\u201319:00 is confirmed."}], "mail_settings": {"sandbox_mode": {"enable": false}}, "tracking_settings": {"click_tracking": {"enable": true, "enable_text": true}, "open_tracking": {"enable": true}}}'
[2025-09-07 20:43:00,861] DEBUG [python_http_client.client:273] HEADERS: {'Authorization': 'Bearer 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', 'User-agent': 'sendgrid/6.12.4;python', 'Accept': 'application/json', 'Content-type': 'application/json'}
[2025-09-07 20:43:01,640] DEBUG [python_http_client.client:280] POST Response: 202 b''
[2025-09-07 20:43:01,640] INFO [reservation_book.views:182] Email sent to oliver.p.hartmann@gmail.com
[2025-09-07 20:43:01,640] INFO [reservation_book.views:90] Using SID=AC2969394648e15dec9e186368819ded0b, TOKEN length=32
[2025-09-07 20:43:01,786] INFO [twilio.http_client:56] -- BEGIN Twilio API Request --
[2025-09-07 20:43:01,786] INFO [twilio.http_client:66] POST Request: https://api.twilio.com/2010-04-01/Accounts/AC2969394648e15dec9e186368819ded0b/Messages.json
[2025-09-07 20:43:01,787] INFO [twilio.http_client:69] Headers:
[2025-09-07 20:43:01,787] INFO [twilio.http_client:73] Content-Type : application/x-www-form-urlencoded
[2025-09-07 20:43:01,787] INFO [twilio.http_client:73] Accept : application/json
[2025-09-07 20:43:01,787] INFO [twilio.http_client:73] User-Agent : twilio-python/9.8.0 (Windows AMD64) Python/3.12.10
[2025-09-07 20:43:01,788] INFO [twilio.http_client:73] X-Twilio-Client : python-9.8.0
[2025-09-07 20:43:01,788] INFO [twilio.http_client:73] Accept-Charset : utf-8
[2025-09-07 20:43:01,788] INFO [twilio.http_client:75] -- END Twilio API Request --
[2025-09-07 20:43:01,790] DEBUG [urllib3.connectionpool:1049] Starting new HTTPS connection (1): api.twilio.com:443
[2025-09-07 20:43:02,501] DEBUG [urllib3.connectionpool:544] https://api.twilio.com:443 "POST /2010-04-01/Accounts/AC2969394648e15dec9e186368819ded0b/Messages.json HTTP/1.1" 201 881
[2025-09-07 20:43:02,502] INFO [twilio.http_client:81] Response Status Code: 201
[2025-09-07 20:43:02,502] INFO [twilio.http_client:82] Response Headers: {'Content-Type': 'application/json;charset=utf-8', 'Content-Length': '881', 'Connection': 'keep-alive', 'Date': 'Sun, 07 Sep 2025 18:43:02 GMT', 'Twilio-Concurrent-Requests': '1', 'Twilio-Request-Id': 'RQb6d04a026d8011e0c42cec656cdb3e93', 'Twilio-Request-Duration': '0.137', 'X-Home-Region': 'us1', 'X-API-Domain': 'api.twilio.com', 'Strict-Transport-Security': 'max-age=31536000', 'X-Cache': 'Miss from cloudfront', 'Via': '1.1 f8d34d99bd5a267bad6857ae101ea8e2.cloudfront.net (CloudFront)', 'X-Amz-Cf-Pop': 'MUC50-P1', 'X-Amz-Cf-Id': 'g5OgCX-myzUdZvpsAvSVaDDUd2YFEFgRZlA5So4VC7f7bGrhYzCyVA==', 'X-Powered-By': 'AT-5000', 'X-Shenanigans': 'none', 'Vary': 'Origin'}
[2025-09-07 20:43:02,503] INFO [reservation_book.views:101] SMS sent to +491607739482, SID=SMb6d04a026d8011e0c42cec656cdb3e93
[2025-09-07 20:43:02,503] INFO [reservation_book.views:192] SMS sent to +491607739482
[2025-09-07 20:43:02,540] INFO [django.server:212] "POST /reservation_book/ HTTP/1.1" 200 28
[2025-09-07 21:20:17,618] INFO [django.utils.autoreload:667] Watching for file changes with StatReloader
[2025-09-07 21:20:23,176] INFO [django.server:212] "GET / HTTP/1.1" 200 3654
[2025-09-07 21:20:25,328] INFO [reservation_book.views:117] make_reservation called, method=GET
[2025-09-07 21:20:26,303] INFO [django.server:212] "GET /reservation_book/ HTTP/1.1" 200 49012
[2025-09-07 21:20:43,899] INFO [reservation_book.views:117] make_reservation called, method=POST
[2025-09-07 21:20:43,901] INFO [reservation_book.views:117] make_reservation called, method=POST
[2025-09-07 21:20:44,079] DEBUG [python_http_client.client:267] POST Request: https://api.sendgrid.com/v3/mail/send
[2025-09-07 21:20:44,080] DEBUG [python_http_client.client:271] PAYLOAD: b'{"from": {"email": "oliver.p.hartmann@gmail.com"}, "subject": "Your Gambino\\u2019s Reservation Confirmation", "personalizations": [{"to": [{"email": "oliver.p.hartmann@gmail.com"}], "subject": "Your Gambino\\u2019s Reservation Confirmation"}], "content": [{"type": "text/plain", "value": "Hello Oliver, your reservation on 2025-09-08 at 20:00\\u201321:00 is confirmed."}], "mail_settings": {"sandbox_mode": {"enable": false}}, "tracking_settings": {"click_tracking": {"enable": true, "enable_text": true}, "open_tracking": {"enable": true}}}'
[2025-09-07 21:20:44,080] DEBUG [python_http_client.client:273] HEADERS: {'Authorization': 'Bearer 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', 'User-agent': 'sendgrid/6.12.4;python', 'Accept': 'application/json', 'Content-type': 'application/json'}
[2025-09-07 21:20:44,205] DEBUG [python_http_client.client:267] POST Request: https://api.sendgrid.com/v3/mail/send
[2025-09-07 21:20:44,206] DEBUG [python_http_client.client:271] PAYLOAD: b'{"from": {"email": "oliver.p.hartmann@gmail.com"}, "subject": "Your Gambino\\u2019s Reservation Confirmation", "personalizations": [{"to": [{"email": "oliver.p.hartmann@gmail.com"}], "subject": "Your Gambino\\u2019s Reservation Confirmation"}], "content": [{"type": "text/plain", "value": "Hello Oliver, your reservation on 2025-09-08 at 20:00\\u201321:00 is confirmed."}], "mail_settings": {"sandbox_mode": {"enable": false}}, "tracking_settings": {"click_tracking": {"enable": true, "enable_text": true}, "open_tracking": {"enable": true}}}'
[2025-09-07 21:20:44,206] DEBUG [python_http_client.client:273] HEADERS: {'Authorization': 'Bearer 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', 'User-agent': 'sendgrid/6.12.4;python', 'Accept': 'application/json', 'Content-type': 'application/json'}
[2025-09-07 21:20:44,656] DEBUG [python_http_client.client:280] POST Response: 202 b''
[2025-09-07 21:20:44,657] INFO [reservation_book.views:182] Email sent to oliver.p.hartmann@gmail.com
[2025-09-07 21:20:44,657] INFO [reservation_book.views:90] Using SID=AC2969394648e15dec9e186368819ded0b, TOKEN length=32
[2025-09-07 21:20:44,682] DEBUG [python_http_client.client:280] POST Response: 202 b''
[2025-09-07 21:20:44,682] INFO [reservation_book.views:182] Email sent to oliver.p.hartmann@gmail.com
[2025-09-07 21:20:44,684] INFO [reservation_book.views:90] Using SID=AC2969394648e15dec9e186368819ded0b, TOKEN length=32
[2025-09-07 21:20:44,805] INFO [twilio.http_client:56] -- BEGIN Twilio API Request --
[2025-09-07 21:20:44,805] INFO [twilio.http_client:66] POST Request: https://api.twilio.com/2010-04-01/Accounts/AC2969394648e15dec9e186368819ded0b/Messages.json
[2025-09-07 21:20:44,805] INFO [twilio.http_client:69] Headers:
[2025-09-07 21:20:44,805] INFO [twilio.http_client:73] Content-Type : application/x-www-form-urlencoded
[2025-09-07 21:20:44,806] INFO [twilio.http_client:73] Accept : application/json
[2025-09-07 21:20:44,806] INFO [twilio.http_client:73] User-Agent : twilio-python/9.8.0 (Windows AMD64) Python/3.12.10
[2025-09-07 21:20:44,806] INFO [twilio.http_client:73] X-Twilio-Client : python-9.8.0
[2025-09-07 21:20:44,806] INFO [twilio.http_client:73] Accept-Charset : utf-8
[2025-09-07 21:20:44,807] INFO [twilio.http_client:75] -- END Twilio API Request --
[2025-09-07 21:20:44,808] DEBUG [urllib3.connectionpool:1049] Starting new HTTPS connection (1): api.twilio.com:443
[2025-09-07 21:20:44,824] INFO [twilio.http_client:56] -- BEGIN Twilio API Request --
[2025-09-07 21:20:44,825] INFO [twilio.http_client:66] POST Request: https://api.twilio.com/2010-04-01/Accounts/AC2969394648e15dec9e186368819ded0b/Messages.json
[2025-09-07 21:20:44,825] INFO [twilio.http_client:69] Headers:
[2025-09-07 21:20:44,825] INFO [twilio.http_client:73] Content-Type : application/x-www-form-urlencoded
[2025-09-07 21:20:44,826] INFO [twilio.http_client:73] Accept : application/json
[2025-09-07 21:20:44,826] INFO [twilio.http_client:73] User-Agent : twilio-python/9.8.0 (Windows AMD64) Python/3.12.10
[2025-09-07 21:20:44,826] INFO [twilio.http_client:73] X-Twilio-Client : python-9.8.0
[2025-09-07 21:20:44,827] INFO [twilio.http_client:73] Accept-Charset : utf-8
[2025-09-07 21:20:44,827] INFO [twilio.http_client:75] -- END Twilio API Request --
[2025-09-07 21:20:44,828] DEBUG [urllib3.connectionpool:1049] Starting new HTTPS connection (1): api.twilio.com:443
[2025-09-07 21:20:45,505] DEBUG [urllib3.connectionpool:544] https://api.twilio.com:443 "POST /2010-04-01/Accounts/AC2969394648e15dec9e186368819ded0b/Messages.json HTTP/1.1" 201 881
[2025-09-07 21:20:45,506] INFO [twilio.http_client:81] Response Status Code: 201
[2025-09-07 21:20:45,506] INFO [twilio.http_client:82] Response Headers: {'Content-Type': 'application/json;charset=utf-8', 'Content-Length': '881', 'Connection': 'keep-alive', 'Date': 'Sun, 07 Sep 2025 19:20:45 GMT', 'Twilio-Concurrent-Requests': '1', 'Twilio-Request-Id': 'RQ7404b4198bef64a0244278be6b5f6488', 'Twilio-Request-Duration': '0.142', 'X-Home-Region': 'us1', 'X-API-Domain': 'api.twilio.com', 'Strict-Transport-Security': 'max-age=31536000', 'X-Cache': 'Miss from cloudfront', 'Via': '1.1 986e79a1f22b8bf29001818ede5df5c8.cloudfront.net (CloudFront)', 'X-Amz-Cf-Pop': 'MUC50-P1', 'X-Amz-Cf-Id': 'r59-qFPY6l0lPMb3mPBATOwX8xusbmU1pRer-qkXM-PCd02eMSRSBg==', 'X-Powered-By': 'AT-5000', 'X-Shenanigans': 'none', 'Vary': 'Origin'}
[2025-09-07 21:20:45,507] INFO [reservation_book.views:101] SMS sent to +491607739482, SID=SM7404b4198bef64a0244278be6b5f6488
[2025-09-07 21:20:45,508] INFO [reservation_book.views:192] SMS sent to +491607739482
[2025-09-07 21:20:45,529] DEBUG [urllib3.connectionpool:544] https://api.twilio.com:443 "POST /2010-04-01/Accounts/AC2969394648e15dec9e186368819ded0b/Messages.json HTTP/1.1" 201 881
[2025-09-07 21:20:45,530] INFO [twilio.http_client:81] Response Status Code: 201
[2025-09-07 21:20:45,530] INFO [twilio.http_client:82] Response Headers: {'Content-Type': 'application/json;charset=utf-8', 'Content-Length': '881', 'Connection': 'keep-alive', 'Date': 'Sun, 07 Sep 2025 19:20:45 GMT', 'Twilio-Concurrent-Requests': '2', 'Twilio-Request-Id': 'RQ268901d92a7eb32f9712dd3c815b326b', 'Twilio-Request-Duration': '0.122', 'X-Home-Region': 'us1', 'X-API-Domain': 'api.twilio.com', 'Strict-Transport-Security': 'max-age=31536000', 'X-Cache': 'Miss from cloudfront', 'Via': '1.1 ae6c2eb8d653982f5df6a91a4b14b518.cloudfront.net (CloudFront)', 'X-Amz-Cf-Pop': 'MUC50-P1', 'X-Amz-Cf-Id': '8-fJcyVSek7yRV5o6v4ibRhv1zXjCqKURtYkeA4T1Wka6TohQYCeNA==', 'X-Powered-By': 'AT-5000', 'X-Shenanigans': 'none', 'Vary': 'Origin'}
[2025-09-07 21:20:45,531] INFO [reservation_book.views:101] SMS sent to +491607739482, SID=SM268901d92a7eb32f9712dd3c815b326b
[2025-09-07 21:20:45,531] INFO [reservation_book.views:192] SMS sent to +491607739482
[2025-09-07 21:20:45,894] INFO [django.server:212] "POST /reservation_book/ HTTP/1.1" 200 28
[2025-09-07 21:20:45,898] INFO [django.server:212] "POST /reservation_book/ HTTP/1.1" 200 28
[2025-09-07 21:31:37,617] INFO [django.utils.autoreload:667] Watching for file changes with StatReloader
[2025-09-07 21:31:45,433] INFO [django.server:212] "GET / HTTP/1.1" 200 3654
[2025-09-07 21:31:48,450] INFO [reservation_book.views:117] make_reservation called, method=GET
[2025-09-07 21:31:49,464] INFO [django.server:212] "GET /reservation_book/ HTTP/1.1" 200 48150
[2025-09-07 21:32:05,205] INFO [reservation_book.views:117] make_reservation called, method=POST
[2025-09-07 21:32:05,506] DEBUG [python_http_client.client:267] POST Request: https://api.sendgrid.com/v3/mail/send
[2025-09-07 21:32:05,506] DEBUG [python_http_client.client:271] PAYLOAD: b'{"from": {"email": "oliver.p.hartmann@gmail.com"}, "subject": "Your Gambino\\u2019s Reservation Confirmation", "personalizations": [{"to": [{"email": "oliver.p.hartmann@gmail.com"}], "subject": "Your Gambino\\u2019s Reservation Confirmation"}], "content": [{"type": "text/plain", "value": "Hello Oliver, your reservation on 2025-09-09 at 18:00\\u201319:00 is confirmed."}], "mail_settings": {"sandbox_mode": {"enable": false}}, "tracking_settings": {"click_tracking": {"enable": true, "enable_text": true}, "open_tracking": {"enable": true}}}'
[2025-09-07 21:32:05,506] DEBUG [python_http_client.client:273] HEADERS: {'Authorization': 'Bearer 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', 'User-agent': 'sendgrid/6.12.4;python', 'Accept': 'application/json', 'Content-type': 'application/json'}
[2025-09-07 21:32:06,372] DEBUG [python_http_client.client:280] POST Response: 202 b''
[2025-09-07 21:32:06,372] INFO [reservation_book.views:182] Email sent to oliver.p.hartmann@gmail.com
[2025-09-07 21:32:06,373] INFO [reservation_book.views:90] Using SID=AC2969394648e15dec9e186368819ded0b, TOKEN length=32
[2025-09-07 21:32:06,521] INFO [twilio.http_client:56] -- BEGIN Twilio API Request --
[2025-09-07 21:32:06,521] INFO [twilio.http_client:66] POST Request: https://api.twilio.com/2010-04-01/Accounts/AC2969394648e15dec9e186368819ded0b/Messages.json
[2025-09-07 21:32:06,521] INFO [twilio.http_client:69] Headers:
[2025-09-07 21:32:06,521] INFO [twilio.http_client:73] Content-Type : application/x-www-form-urlencoded
[2025-09-07 21:32:06,522] INFO [twilio.http_client:73] Accept : application/json
[2025-09-07 21:32:06,522] INFO [twilio.http_client:73] User-Agent : twilio-python/9.8.0 (Windows AMD64) Python/3.12.10
[2025-09-07 21:32:06,522] INFO [twilio.http_client:73] X-Twilio-Client : python-9.8.0
[2025-09-07 21:32:06,523] INFO [twilio.http_client:73] Accept-Charset : utf-8
[2025-09-07 21:32:06,523] INFO [twilio.http_client:75] -- END Twilio API Request --
[2025-09-07 21:32:06,524] DEBUG [urllib3.connectionpool:1049] Starting new HTTPS connection (1): api.twilio.com:443
[2025-09-07 21:32:07,263] DEBUG [urllib3.connectionpool:544] https://api.twilio.com:443 "POST /2010-04-01/Accounts/AC2969394648e15dec9e186368819ded0b/Messages.json HTTP/1.1" 201 881
[2025-09-07 21:32:07,264] INFO [twilio.http_client:81] Response Status Code: 201
[2025-09-07 21:32:07,264] INFO [twilio.http_client:82] Response Headers: {'Content-Type': 'application/json;charset=utf-8', 'Content-Length': '881', 'Connection': 'keep-alive', 'Date': 'Sun, 07 Sep 2025 19:32:07 GMT', 'Twilio-Concurrent-Requests': '1', 'Twilio-Request-Id': 'RQ0b8aaf196ee890570e6dbd576896607e', 'Twilio-Request-Duration': '0.130', 'X-Home-Region': 'us1', 'X-API-Domain': 'api.twilio.com', 'Strict-Transport-Security': 'max-age=31536000', 'X-Cache': 'Miss from cloudfront', 'Via': '1.1 8eb3c67b1958af32e15515c8eb27fbb4.cloudfront.net (CloudFront)', 'X-Amz-Cf-Pop': 'MUC50-P1', 'X-Amz-Cf-Id': 'H76ii88MDfz3-hCQq22dRWtMYH0fI9cbjD4VK4i9UaK-lkR4igun-w==', 'X-Powered-By': 'AT-5000', 'X-Shenanigans': 'none', 'Vary': 'Origin'}
[2025-09-07 21:32:07,265] INFO [reservation_book.views:101] SMS sent to +491607739482, SID=SM0b8aaf196ee890570e6dbd576896607e
[2025-09-07 21:32:07,265] INFO [reservation_book.views:192] SMS sent to +491607739482
[2025-09-07 21:32:07,312] INFO [django.server:212] "POST /reservation_book/ HTTP/1.1" 200 28
[2025-09-07 21:34:01,567] INFO [reservation_book.views:117] make_reservation called, method=GET
[2025-09-07 21:34:02,365] INFO [django.server:212] "GET /reservation_book/ HTTP/1.1" 200 48148
[2025-09-07 21:34:04,772] INFO [reservation_book.views:117] make_reservation called, method=GET
[2025-09-07 21:34:05,575] INFO [django.server:212] "GET /reservation_book/ HTTP/1.1" 200 48148
[2025-09-07 21:34:25,663] INFO [reservation_book.views:117] make_reservation called, method=POST
[2025-09-07 21:34:25,775] DEBUG [python_http_client.client:267] POST Request: https://api.sendgrid.com/v3/mail/send
[2025-09-07 21:34:25,775] DEBUG [python_http_client.client:271] PAYLOAD: b'{"from": {"email": "oliver.p.hartmann@gmail.com"}, "subject": "Your Gambino\\u2019s Reservation Confirmation", "personalizations": [{"to": [{"email": "oliver.p.hartmann@gmail.com"}], "subject": "Your Gambino\\u2019s Reservation Confirmation"}], "content": [{"type": "text/plain", "value": "Hello Oliver, your reservation on 2025-09-08 at 17:00\\u201318:00 is confirmed."}], "mail_settings": {"sandbox_mode": {"enable": false}}, "tracking_settings": {"click_tracking": {"enable": true, "enable_text": true}, "open_tracking": {"enable": true}}}'
[2025-09-07 21:34:25,776] DEBUG [python_http_client.client:273] HEADERS: {'Authorization': 'Bearer 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', 'User-agent': 'sendgrid/6.12.4;python', 'Accept': 'application/json', 'Content-type': 'application/json'}
[2025-09-07 21:34:26,634] DEBUG [python_http_client.client:280] POST Response: 202 b''
[2025-09-07 21:34:26,635] INFO [reservation_book.views:182] Email sent to oliver.p.hartmann@gmail.com
[2025-09-07 21:34:26,635] INFO [reservation_book.views:90] Using SID=AC2969394648e15dec9e186368819ded0b, TOKEN length=32
[2025-09-07 21:34:26,635] INFO [twilio.http_client:56] -- BEGIN Twilio API Request --
[2025-09-07 21:34:26,636] INFO [twilio.http_client:66] POST Request: https://api.twilio.com/2010-04-01/Accounts/AC2969394648e15dec9e186368819ded0b/Messages.json
[2025-09-07 21:34:26,636] INFO [twilio.http_client:69] Headers:
[2025-09-07 21:34:26,636] INFO [twilio.http_client:73] Content-Type : application/x-www-form-urlencoded
[2025-09-07 21:34:26,637] INFO [twilio.http_client:73] Accept : application/json
[2025-09-07 21:34:26,637] INFO [twilio.http_client:73] User-Agent : twilio-python/9.8.0 (Windows AMD64) Python/3.12.10
[2025-09-07 21:34:26,637] INFO [twilio.http_client:73] X-Twilio-Client : python-9.8.0
[2025-09-07 21:34:26,638] INFO [twilio.http_client:73] Accept-Charset : utf-8
[2025-09-07 21:34:26,638] INFO [twilio.http_client:75] -- END Twilio API Request --
[2025-09-07 21:34:26,639] DEBUG [urllib3.connectionpool:1049] Starting new HTTPS connection (1): api.twilio.com:443
[2025-09-07 21:34:27,249] DEBUG [urllib3.connectionpool:544] https://api.twilio.com:443 "POST /2010-04-01/Accounts/AC2969394648e15dec9e186368819ded0b/Messages.json HTTP/1.1" 201 881
[2025-09-07 21:34:27,250] INFO [twilio.http_client:81] Response Status Code: 201
[2025-09-07 21:34:27,250] INFO [twilio.http_client:82] Response Headers: {'Content-Type': 'application/json;charset=utf-8', 'Content-Length': '881', 'Connection': 'keep-alive', 'Date': 'Sun, 07 Sep 2025 19:34:27 GMT', 'Twilio-Concurrent-Requests': '1', 'Twilio-Request-Id': 'RQ289e28fdbfcdffb717588586f683e363', 'Twilio-Request-Duration': '0.118', 'X-Home-Region': 'us1', 'X-API-Domain': 'api.twilio.com', 'Strict-Transport-Security': 'max-age=31536000', 'X-Cache': 'Miss from cloudfront', 'Via': '1.1 1a45d1e1304c39dfa9b034c2308f4976.cloudfront.net (CloudFront)', 'X-Amz-Cf-Pop': 'MUC50-P1', 'X-Amz-Cf-Id': 'un8Wuz_DQf1fRPmAJjvHVWUDDaeS1M2iusqafL2uq7DZkLt8Ggkrwg==', 'X-Powered-By': 'AT-5000', 'X-Shenanigans': 'none', 'Vary': 'Origin'}
[2025-09-07 21:34:27,251] INFO [reservation_book.views:101] SMS sent to +491607739482, SID=SM289e28fdbfcdffb717588586f683e363
[2025-09-07 21:34:27,251] INFO [reservation_book.views:192] SMS sent to +491607739482
[2025-09-07 21:34:27,279] INFO [django.server:212] "POST /reservation_book/ HTTP/1.1" 200 28
[2025-09-07 22:07:02,531] INFO [django.utils.autoreload:667] Watching for file changes with StatReloader
[2025-09-07 22:07:05,501] INFO [django.server:212] "GET / HTTP/1.1" 200 3654
[2025-09-07 22:07:07,616] INFO [reservation_book.views:117] make_reservation called, method=GET
[2025-09-07 22:07:09,455] INFO [django.server:212] "GET /reservation_book/ HTTP/1.1" 200 48468
[2025-09-07 22:07:19,293] INFO [reservation_book.views:117] make_reservation called, method=POST
[2025-09-07 22:07:19,486] DEBUG [python_http_client.client:267] POST Request: https://api.sendgrid.com/v3/mail/send
[2025-09-07 22:07:19,487] DEBUG [python_http_client.client:271] PAYLOAD: b'{"from": {"email": "oliver.p.hartmann@gmail.com"}, "subject": "Your Gambino\\u2019s Reservation Confirmation", "personalizations": [{"to": [{"email": "oliver.p.hartmann@gmail.com"}], "subject": "Your Gambino\\u2019s Reservation Confirmation"}], "content": [{"type": "text/plain", "value": "Hello Oliver, your reservation on 2025-09-08 at 17:00\\u201318:00 is confirmed."}], "mail_settings": {"sandbox_mode": {"enable": false}}, "tracking_settings": {"click_tracking": {"enable": true, "enable_text": true}, "open_tracking": {"enable": true}}}'
[2025-09-07 22:07:19,487] DEBUG [python_http_client.client:273] HEADERS: {'Authorization': 'Bearer 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', 'User-agent': 'sendgrid/6.12.4;python', 'Accept': 'application/json', 'Content-type': 'application/json'}
[2025-09-07 22:07:20,047] DEBUG [python_http_client.client:280] POST Response: 202 b''
[2025-09-07 22:07:20,048] INFO [reservation_book.views:182] Email sent to oliver.p.hartmann@gmail.com
[2025-09-07 22:07:20,048] INFO [reservation_book.views:90] Using SID=AC2969394648e15dec9e186368819ded0b, TOKEN length=32
[2025-09-07 22:07:20,198] INFO [twilio.http_client:56] -- BEGIN Twilio API Request --
[2025-09-07 22:07:20,198] INFO [twilio.http_client:66] POST Request: https://api.twilio.com/2010-04-01/Accounts/AC2969394648e15dec9e186368819ded0b/Messages.json
[2025-09-07 22:07:20,198] INFO [twilio.http_client:69] Headers:
[2025-09-07 22:07:20,199] INFO [twilio.http_client:73] Content-Type : application/x-www-form-urlencoded
[2025-09-07 22:07:20,199] INFO [twilio.http_client:73] Accept : application/json
[2025-09-07 22:07:20,199] INFO [twilio.http_client:73] User-Agent : twilio-python/9.8.0 (Windows AMD64) Python/3.12.10
[2025-09-07 22:07:20,199] INFO [twilio.http_client:73] X-Twilio-Client : python-9.8.0
[2025-09-07 22:07:20,199] INFO [twilio.http_client:73] Accept-Charset : utf-8
[2025-09-07 22:07:20,200] INFO [twilio.http_client:75] -- END Twilio API Request --
[2025-09-07 22:07:20,201] DEBUG [urllib3.connectionpool:1049] Starting new HTTPS connection (1): api.twilio.com:443
[2025-09-07 22:07:21,028] DEBUG [urllib3.connectionpool:544] https://api.twilio.com:443 "POST /2010-04-01/Accounts/AC2969394648e15dec9e186368819ded0b/Messages.json HTTP/1.1" 201 881
[2025-09-07 22:07:21,030] INFO [twilio.http_client:81] Response Status Code: 201
[2025-09-07 22:07:21,030] INFO [twilio.http_client:82] Response Headers: {'Content-Type': 'application/json;charset=utf-8', 'Content-Length': '881', 'Connection': 'keep-alive', 'Date': 'Sun, 07 Sep 2025 20:07:20 GMT', 'Twilio-Concurrent-Requests': '1', 'Twilio-Request-Id': 'RQaaa6aaa8175c5d380e7fe4f2dea7cd3a', 'Twilio-Request-Duration': '0.156', 'X-Home-Region': 'us1', 'X-API-Domain': 'api.twilio.com', 'Strict-Transport-Security': 'max-age=31536000', 'X-Cache': 'Miss from cloudfront', 'Via': '1.1 77aa8087323921dee0b130bc0589bda8.cloudfront.net (CloudFront)', 'X-Amz-Cf-Pop': 'MUC50-P1', 'X-Amz-Cf-Id': 'miyXVvQA77iZ6PYWMiFJG7bSxM0f54-R6S6hGHnsA2dOejCYspLISQ==', 'X-Powered-By': 'AT-5000', 'X-Shenanigans': 'none', 'Vary': 'Origin'}
[2025-09-07 22:07:21,031] INFO [reservation_book.views:101] SMS sent to +491607739482, SID=SMaaa6aaa8175c5d380e7fe4f2dea7cd3a
[2025-09-07 22:07:21,031] INFO [reservation_book.views:192] SMS sent to +491607739482
[2025-09-07 22:07:21,069] INFO [django.server:212] "POST /reservation_book/ HTTP/1.1" 200 28
[2025-09-07 22:27:09,825] INFO [django.utils.autoreload:265] C:\Users\paxto\Desktop\My Web Sites\gambinos_restaurant_and_lounge\reservation_book\models.py changed, reloading.
[2025-09-07 22:27:10,761] INFO [django.utils.autoreload:667] Watching for file changes with StatReloader
[2025-09-07 22:48:30,477] INFO [django.utils.autoreload:265] C:\Users\paxto\Desktop\My Web Sites\gambinos_restaurant_and_lounge\reservation_book\admin.py changed, reloading.
[2025-09-07 22:48:31,335] INFO [django.utils.autoreload:667] Watching for file changes with StatReloader
