[2025-09-07 14:58:06,638] ERROR [sendgrid_backend.mail:187] Failed to send email, error: HTTP Error 403: Forbidden, response body: b'{"errors":[{"message":"The from address does not match a verified Sender Identity. Mail cannot be sent until this error is resolved. Visit https://sendgrid.com/docs/for-developers/sending-email/sender-identity/ to see the Sender Identity requirements","field":"from","help":null}]}'
[2025-09-07 14:58:06,638] ERROR [reservation_book.views:187] Email sending failed: HTTP Error 403: Forbidden
[2025-09-07 16:14:55,104] ERROR [sendgrid_backend.mail:187] Failed to send email, error: HTTP Error 403: Forbidden, response body: b'{"errors":[{"message":"The from address does not match a verified Sender Identity. Mail cannot be sent until this error is resolved. Visit https://sendgrid.com/docs/for-developers/sending-email/sender-identity/ to see the Sender Identity requirements","field":"from","help":null}]}'
[2025-09-07 16:14:55,112] ERROR [reservation_book.views:181] Email sending failed: HTTP Error 403: Forbidden
[2025-09-07 16:14:55,112] ERROR [reservation_book.views:191] SMS sending failed: name 'os' is not defined
[2025-09-07 16:27:40,360] ERROR [sendgrid_backend.mail:187] Failed to send email, error: HTTP Error 403: Forbidden, response body: b'{"errors":[{"message":"The from address does not match a verified Sender Identity. Mail cannot be sent until this error is resolved. Visit https://sendgrid.com/docs/for-developers/sending-email/sender-identity/ to see the Sender Identity requirements","field":"from","help":null}]}'
[2025-09-07 16:27:40,361] ERROR [reservation_book.views:181] Email sending failed: HTTP Error 403: Forbidden
[2025-09-07 16:27:40,361] ERROR [reservation_book.views:191] SMS sending failed: name 'os' is not defined
[2025-09-07 17:07:13,808] ERROR [sendgrid_backend.mail:187] Failed to send email, error: HTTP Error 403: Forbidden, response body: b'{"errors":[{"message":"The from address does not match a verified Sender Identity. Mail cannot be sent until this error is resolved. Visit https://sendgrid.com/docs/for-developers/sending-email/sender-identity/ to see the Sender Identity requirements","field":"from","help":null}]}'
[2025-09-07 17:07:13,809] ERROR [reservation_book.views:181] Email sending failed: HTTP Error 403: Forbidden
[2025-09-07 17:07:13,809] ERROR [reservation_book.views:191] SMS sending failed: name 'os' is not defined
[2025-09-07 17:14:45,030] ERROR [reservation_book.views:181] Email sending failed: send_mail() missing 1 required positional argument: 'from_email'
[2025-09-07 17:14:45,031] ERROR [reservation_book.views:191] SMS sending failed: name 'os' is not defined
[2025-09-07 17:18:16,769] ERROR [reservation_book.views:191] SMS sending failed: name 'os' is not defined
[2025-09-07 17:22:36,460] ERROR [reservation_book.views:192] SMS sending failed: name 'settings' is not defined
[2025-09-07 17:29:30,859] ERROR [reservation_book.views:115] SMS sending failed: 
[31m[49mHTTP Error[0m [37m[49mYour request was:[0m

[36m[49mPOST /Accounts/your_account_sid_here/Messages.json[0m

[37m[49mTwilio returned the following information:[0m

[34m[49mUnable to create record: Authentication Error - invalid username[0m

[37m[49mMore information may be available here:[0m

[34m[49mhttps://www.twilio.com/docs/errors/20003[0m

Traceback (most recent call last):
  File "C:\Users\paxto\Desktop\My Web Sites\gambinos_restaurant_and_lounge\reservation_book\views.py", line 105, in send_sms
    client.messages.create(
  File "C:\Users\paxto\Desktop\My Web Sites\gambinos_restaurant_and_lounge\.venv\Lib\site-packages\twilio\rest\api\v2010\account\message\__init__.py", line 589, in create
    payload = self._version.create(
              ^^^^^^^^^^^^^^^^^^^^^
  File "C:\Users\paxto\Desktop\My Web Sites\gambinos_restaurant_and_lounge\.venv\Lib\site-packages\twilio\base\version.py", line 463, in create
    return self._parse_create(method, uri, response)
           ^^^^^^^^^^^^^^^^^^^^^^^^^^^^^^^^^^^^^^^^^
  File "C:\Users\paxto\Desktop\My Web Sites\gambinos_restaurant_and_lounge\.venv\Lib\site-packages\twilio\base\version.py", line 435, in _parse_create
    raise self.exception(method, uri, response, "Unable to create record")
twilio.base.exceptions.TwilioRestException: 
[31m[49mHTTP Error[0m [37m[49mYour request was:[0m

[36m[49mPOST /Accounts/your_account_sid_here/Messages.json[0m

[37m[49mTwilio returned the following information:[0m

[34m[49mUnable to create record: Authentication Error - invalid username[0m

[37m[49mMore information may be available here:[0m

[34m[49mhttps://www.twilio.com/docs/errors/20003[0m


[2025-09-07 17:54:11,726] ERROR [reservation_book.views:115] SMS sending failed: 
[31m[49mHTTP Error[0m [37m[49mYour request was:[0m

[36m[49mPOST /Accounts/your_account_sid_here/Messages.json[0m

[37m[49mTwilio returned the following information:[0m

[34m[49mUnable to create record: Authentication Error - invalid username[0m

[37m[49mMore information may be available here:[0m

[34m[49mhttps://www.twilio.com/docs/errors/20003[0m

Traceback (most recent call last):
  File "C:\Users\paxto\Desktop\My Web Sites\gambinos_restaurant_and_lounge\reservation_book\views.py", line 105, in send_sms
    client.messages.create(
  File "C:\Users\paxto\Desktop\My Web Sites\gambinos_restaurant_and_lounge\.venv\Lib\site-packages\twilio\rest\api\v2010\account\message\__init__.py", line 589, in create
    payload = self._version.create(
              ^^^^^^^^^^^^^^^^^^^^^
  File "C:\Users\paxto\Desktop\My Web Sites\gambinos_restaurant_and_lounge\.venv\Lib\site-packages\twilio\base\version.py", line 463, in create
    return self._parse_create(method, uri, response)
           ^^^^^^^^^^^^^^^^^^^^^^^^^^^^^^^^^^^^^^^^^
  File "C:\Users\paxto\Desktop\My Web Sites\gambinos_restaurant_and_lounge\.venv\Lib\site-packages\twilio\base\version.py", line 435, in _parse_create
    raise self.exception(method, uri, response, "Unable to create record")
twilio.base.exceptions.TwilioRestException: 
[31m[49mHTTP Error[0m [37m[49mYour request was:[0m

[36m[49mPOST /Accounts/your_account_sid_here/Messages.json[0m

[37m[49mTwilio returned the following information:[0m

[34m[49mUnable to create record: Authentication Error - invalid username[0m

[37m[49mMore information may be available here:[0m

[34m[49mhttps://www.twilio.com/docs/errors/20003[0m


[2025-09-07 19:06:49,196] ERROR [reservation_book.views:101] SMS sending failed: 
[31m[49mHTTP Error[0m [37m[49mYour request was:[0m

[36m[49mPOST /Accounts/AC2969394648e15dec9e186368819ded0b/Messages.json[0m

[37m[49mTwilio returned the following information:[0m

[34m[49mUnable to create record: Authenticate[0m

[37m[49mMore information may be available here:[0m

[34m[49mhttps://www.twilio.com/docs/errors/20003[0m


[2025-09-07 19:18:20,116] ERROR [reservation_book.views:101] SMS sending failed: 
[31m[49mHTTP Error[0m [37m[49mYour request was:[0m

[36m[49mPOST /Accounts/AC2969394648e15dec9e186368819ded0b/Messages.json[0m

[37m[49mTwilio returned the following information:[0m

[34m[49mUnable to create record: Authenticate[0m

[37m[49mMore information may be available here:[0m

[34m[49mhttps://www.twilio.com/docs/errors/20003[0m


[2025-09-07 19:19:51,873] ERROR [reservation_book.views:101] SMS sending failed: 
[31m[49mHTTP Error[0m [37m[49mYour request was:[0m

[36m[49mPOST /Accounts/AC2969394648e15dec9e186368819ded0b/Messages.json[0m

[37m[49mTwilio returned the following information:[0m

[34m[49mUnable to create record: Authenticate[0m

[37m[49mMore information may be available here:[0m

[34m[49mhttps://www.twilio.com/docs/errors/20003[0m


[2025-09-07 19:32:43,117] ERROR [reservation_book.views:101] SMS sending failed: 
[31m[49mHTTP Error[0m [37m[49mYour request was:[0m

[36m[49mPOST /Accounts/AC2969394648e15dec9e186368819ded0b/Messages.json[0m

[37m[49mTwilio returned the following information:[0m

[34m[49mUnable to create record: Authenticate[0m

[37m[49mMore information may be available here:[0m

[34m[49mhttps://www.twilio.com/docs/errors/20003[0m


[2025-09-07 19:45:20,249] ERROR [reservation_book.views:101] SMS sending failed: 
[31m[49mHTTP Error[0m [37m[49mYour request was:[0m

[36m[49mPOST /Accounts/AC2969394648e15dec9e186368819ded0b/Messages.json[0m

[37m[49mTwilio returned the following information:[0m

[34m[49mUnable to create record: Authenticate[0m

[37m[49mMore information may be available here:[0m

[34m[49mhttps://www.twilio.com/docs/errors/20003[0m


[2025-09-07 19:56:10,005] ERROR [reservation_book.views:103] SMS sending failed: 
[31m[49mHTTP Error[0m [37m[49mYour request was:[0m

[36m[49mPOST /Accounts/AC2969394648e15dec9e186368819ded0b/Messages.json[0m

[37m[49mTwilio returned the following information:[0m

[34m[49mUnable to create record: Authenticate[0m

[37m[49mMore information may be available here:[0m

[34m[49mhttps://www.twilio.com/docs/errors/20003[0m


[2025-09-07 20:13:55,262] ERROR [reservation_book.views:103] SMS sending failed: 
[31m[49mHTTP Error[0m [37m[49mYour request was:[0m

[36m[49mPOST /Accounts/AC2969394648e15dec9e186368819ded0b/Messages.json[0m

[37m[49mTwilio returned the following information:[0m

[34m[49mUnable to create record: Authenticate[0m

[37m[49mMore information may be available here:[0m

[34m[49mhttps://www.twilio.com/docs/errors/20003[0m


[2025-09-07 20:23:48,745] ERROR [reservation_book.views:103] SMS sending failed: 
[31m[49mHTTP Error[0m [37m[49mYour request was:[0m

[36m[49mPOST /Accounts/AC2969394648e15dec9e186368819ded0b/Messages.json[0m

[37m[49mTwilio returned the following information:[0m

[34m[49mUnable to create record: Authenticate[0m

[37m[49mMore information may be available here:[0m

[34m[49mhttps://www.twilio.com/docs/errors/20003[0m


[2025-09-08 13:45:22,595] ERROR [sendgrid_backend.mail:187] Failed to send email, error: HTTP Error 401: Unauthorized, response body: b'{"errors":[{"message":"The provided authorization grant is invalid, expired, or revoked","field":null,"help":null}]}'
[2025-09-08 13:45:22,596] ERROR [reservation_book.views:184] Email sending failed: HTTP Error 401: Unauthorized
[2025-09-08 17:21:00,092] ERROR [django.request:246] Internal Server Error: /
Traceback (most recent call last):
  File "C:\Users\paxto\Desktop\My Web Sites\gambinos_restaurant_and_lounge\.venv\Lib\site-packages\django\core\handlers\exception.py", line 55, in inner
    response = get_response(request)
               ^^^^^^^^^^^^^^^^^^^^^
  File "C:\Users\paxto\Desktop\My Web Sites\gambinos_restaurant_and_lounge\.venv\Lib\site-packages\django\core\handlers\base.py", line 197, in _get_response
    response = wrapped_callback(request, *callback_args, **callback_kwargs)
               ^^^^^^^^^^^^^^^^^^^^^^^^^^^^^^^^^^^^^^^^^^^^^^^^^^^^^^^^^^^^
  File "C:\Users\paxto\Desktop\My Web Sites\gambinos_restaurant_and_lounge\reservation_book\views.py", line 42, in home
    return render(
           ^^^^^^^
  File "C:\Users\paxto\Desktop\My Web Sites\gambinos_restaurant_and_lounge\.venv\Lib\site-packages\django\shortcuts.py", line 24, in render
    content = loader.render_to_string(template_name, context, request, using=using)
              ^^^^^^^^^^^^^^^^^^^^^^^^^^^^^^^^^^^^^^^^^^^^^^^^^^^^^^^^^^^^^^^^^^^^^
  File "C:\Users\paxto\Desktop\My Web Sites\gambinos_restaurant_and_lounge\.venv\Lib\site-packages\django\template\loader.py", line 62, in render_to_string
    return template.render(context, request)
           ^^^^^^^^^^^^^^^^^^^^^^^^^^^^^^^^^
  File "C:\Users\paxto\Desktop\My Web Sites\gambinos_restaurant_and_lounge\.venv\Lib\site-packages\django\template\backends\django.py", line 61, in render
    return self.template.render(context)
           ^^^^^^^^^^^^^^^^^^^^^^^^^^^^^
  File "C:\Users\paxto\Desktop\My Web Sites\gambinos_restaurant_and_lounge\.venv\Lib\site-packages\django\template\base.py", line 175, in render
    return self._render(context)
           ^^^^^^^^^^^^^^^^^^^^^
  File "C:\Users\paxto\Desktop\My Web Sites\gambinos_restaurant_and_lounge\.venv\Lib\site-packages\django\template\base.py", line 167, in _render
    return self.nodelist.render(context)
           ^^^^^^^^^^^^^^^^^^^^^^^^^^^^^
  File "C:\Users\paxto\Desktop\My Web Sites\gambinos_restaurant_and_lounge\.venv\Lib\site-packages\django\template\base.py", line 1005, in render
    return SafeString("".join([node.render_annotated(context) for node in self]))
                               ^^^^^^^^^^^^^^^^^^^^^^^^^^^^^^
  File "C:\Users\paxto\Desktop\My Web Sites\gambinos_restaurant_and_lounge\.venv\Lib\site-packages\django\template\base.py", line 966, in render_annotated
    return self.render(context)
           ^^^^^^^^^^^^^^^^^^^^
  File "C:\Users\paxto\Desktop\My Web Sites\gambinos_restaurant_and_lounge\.venv\Lib\site-packages\django\template\loader_tags.py", line 157, in render
    return compiled_parent._render(context)
           ^^^^^^^^^^^^^^^^^^^^^^^^^^^^^^^^
  File "C:\Users\paxto\Desktop\My Web Sites\gambinos_restaurant_and_lounge\.venv\Lib\site-packages\django\template\base.py", line 167, in _render
    return self.nodelist.render(context)
           ^^^^^^^^^^^^^^^^^^^^^^^^^^^^^
  File "C:\Users\paxto\Desktop\My Web Sites\gambinos_restaurant_and_lounge\.venv\Lib\site-packages\django\template\base.py", line 1005, in render
    return SafeString("".join([node.render_annotated(context) for node in self]))
                               ^^^^^^^^^^^^^^^^^^^^^^^^^^^^^^
  File "C:\Users\paxto\Desktop\My Web Sites\gambinos_restaurant_and_lounge\.venv\Lib\site-packages\django\template\base.py", line 966, in render_annotated
    return self.render(context)
           ^^^^^^^^^^^^^^^^^^^^
  File "C:\Users\paxto\Desktop\My Web Sites\gambinos_restaurant_and_lounge\.venv\Lib\site-packages\django\template\defaulttags.py", line 471, in render
    url = reverse(view_name, args=args, kwargs=kwargs, current_app=current_app)
          ^^^^^^^^^^^^^^^^^^^^^^^^^^^^^^^^^^^^^^^^^^^^^^^^^^^^^^^^^^^^^^^^^^^^^
  File "C:\Users\paxto\Desktop\My Web Sites\gambinos_restaurant_and_lounge\.venv\Lib\site-packages\django\urls\base.py", line 88, in reverse
    return resolver._reverse_with_prefix(view, prefix, *args, **kwargs)
           ^^^^^^^^^^^^^^^^^^^^^^^^^^^^^^^^^^^^^^^^^^^^^^^^^^^^^^^^^^^^
  File "C:\Users\paxto\Desktop\My Web Sites\gambinos_restaurant_and_lounge\.venv\Lib\site-packages\django\urls\resolvers.py", line 828, in _reverse_with_prefix
    raise NoReverseMatch(msg)
django.urls.exceptions.NoReverseMatch: Reverse for 'reservations' not found. 'reservations' is not a valid view function or pattern name.
[2025-09-08 17:21:00,106] ERROR [django.server:212] "GET / HTTP/1.1" 500 146909
[2025-09-08 17:24:01,373] ERROR [django.request:246] Internal Server Error: /
Traceback (most recent call last):
  File "C:\Users\paxto\Desktop\My Web Sites\gambinos_restaurant_and_lounge\.venv\Lib\site-packages\django\core\handlers\exception.py", line 55, in inner
    response = get_response(request)
               ^^^^^^^^^^^^^^^^^^^^^
  File "C:\Users\paxto\Desktop\My Web Sites\gambinos_restaurant_and_lounge\.venv\Lib\site-packages\django\core\handlers\base.py", line 197, in _get_response
    response = wrapped_callback(request, *callback_args, **callback_kwargs)
               ^^^^^^^^^^^^^^^^^^^^^^^^^^^^^^^^^^^^^^^^^^^^^^^^^^^^^^^^^^^^
  File "C:\Users\paxto\Desktop\My Web Sites\gambinos_restaurant_and_lounge\reservation_book\views.py", line 42, in home
    return render(
           ^^^^^^^
  File "C:\Users\paxto\Desktop\My Web Sites\gambinos_restaurant_and_lounge\.venv\Lib\site-packages\django\shortcuts.py", line 24, in render
    content = loader.render_to_string(template_name, context, request, using=using)
              ^^^^^^^^^^^^^^^^^^^^^^^^^^^^^^^^^^^^^^^^^^^^^^^^^^^^^^^^^^^^^^^^^^^^^
  File "C:\Users\paxto\Desktop\My Web Sites\gambinos_restaurant_and_lounge\.venv\Lib\site-packages\django\template\loader.py", line 62, in render_to_string
    return template.render(context, request)
           ^^^^^^^^^^^^^^^^^^^^^^^^^^^^^^^^^
  File "C:\Users\paxto\Desktop\My Web Sites\gambinos_restaurant_and_lounge\.venv\Lib\site-packages\django\template\backends\django.py", line 61, in render
    return self.template.render(context)
           ^^^^^^^^^^^^^^^^^^^^^^^^^^^^^
  File "C:\Users\paxto\Desktop\My Web Sites\gambinos_restaurant_and_lounge\.venv\Lib\site-packages\django\template\base.py", line 175, in render
    return self._render(context)
           ^^^^^^^^^^^^^^^^^^^^^
  File "C:\Users\paxto\Desktop\My Web Sites\gambinos_restaurant_and_lounge\.venv\Lib\site-packages\django\template\base.py", line 167, in _render
    return self.nodelist.render(context)
           ^^^^^^^^^^^^^^^^^^^^^^^^^^^^^
  File "C:\Users\paxto\Desktop\My Web Sites\gambinos_restaurant_and_lounge\.venv\Lib\site-packages\django\template\base.py", line 1005, in render
    return SafeString("".join([node.render_annotated(context) for node in self]))
                               ^^^^^^^^^^^^^^^^^^^^^^^^^^^^^^
  File "C:\Users\paxto\Desktop\My Web Sites\gambinos_restaurant_and_lounge\.venv\Lib\site-packages\django\template\base.py", line 966, in render_annotated
    return self.render(context)
           ^^^^^^^^^^^^^^^^^^^^
  File "C:\Users\paxto\Desktop\My Web Sites\gambinos_restaurant_and_lounge\.venv\Lib\site-packages\django\template\loader_tags.py", line 157, in render
    return compiled_parent._render(context)
           ^^^^^^^^^^^^^^^^^^^^^^^^^^^^^^^^
  File "C:\Users\paxto\Desktop\My Web Sites\gambinos_restaurant_and_lounge\.venv\Lib\site-packages\django\template\base.py", line 167, in _render
    return self.nodelist.render(context)
           ^^^^^^^^^^^^^^^^^^^^^^^^^^^^^
  File "C:\Users\paxto\Desktop\My Web Sites\gambinos_restaurant_and_lounge\.venv\Lib\site-packages\django\template\base.py", line 1005, in render
    return SafeString("".join([node.render_annotated(context) for node in self]))
                               ^^^^^^^^^^^^^^^^^^^^^^^^^^^^^^
  File "C:\Users\paxto\Desktop\My Web Sites\gambinos_restaurant_and_lounge\.venv\Lib\site-packages\django\template\base.py", line 966, in render_annotated
    return self.render(context)
           ^^^^^^^^^^^^^^^^^^^^
  File "C:\Users\paxto\Desktop\My Web Sites\gambinos_restaurant_and_lounge\.venv\Lib\site-packages\django\template\defaulttags.py", line 471, in render
    url = reverse(view_name, args=args, kwargs=kwargs, current_app=current_app)
          ^^^^^^^^^^^^^^^^^^^^^^^^^^^^^^^^^^^^^^^^^^^^^^^^^^^^^^^^^^^^^^^^^^^^^
  File "C:\Users\paxto\Desktop\My Web Sites\gambinos_restaurant_and_lounge\.venv\Lib\site-packages\django\urls\base.py", line 88, in reverse
    return resolver._reverse_with_prefix(view, prefix, *args, **kwargs)
           ^^^^^^^^^^^^^^^^^^^^^^^^^^^^^^^^^^^^^^^^^^^^^^^^^^^^^^^^^^^^
  File "C:\Users\paxto\Desktop\My Web Sites\gambinos_restaurant_and_lounge\.venv\Lib\site-packages\django\urls\resolvers.py", line 828, in _reverse_with_prefix
    raise NoReverseMatch(msg)
django.urls.exceptions.NoReverseMatch: Reverse for 'reservations' not found. 'reservations' is not a valid view function or pattern name.
[2025-09-08 17:24:01,378] ERROR [django.server:212] "GET / HTTP/1.1" 500 147046
[2025-09-08 17:25:11,146] ERROR [sendgrid_backend.mail:187] Failed to send email, error: HTTP Error 401: Unauthorized, response body: b'{"errors":[{"message":"The provided authorization grant is invalid, expired, or revoked","field":null,"help":null}]}'
[2025-09-08 17:25:11,147] ERROR [reservation_book.views:172] Email sending failed: HTTP Error 401: Unauthorized
[2025-09-08 17:25:12,248] ERROR [reservation_book.views:211] Unexpected error in make_reservation: OnlineRegisteredCustomer() got unexpected keyword arguments: 'first_name', 'last_name'
Traceback (most recent call last):
  File "C:\Users\paxto\Desktop\My Web Sites\gambinos_restaurant_and_lounge\reservation_book\views.py", line 195, in make_reservation
    OnlineRegisteredCustomer.objects.create(
  File "C:\Users\paxto\Desktop\My Web Sites\gambinos_restaurant_and_lounge\.venv\Lib\site-packages\django\db\models\manager.py", line 87, in manager_method
    return getattr(self.get_queryset(), name)(*args, **kwargs)
           ^^^^^^^^^^^^^^^^^^^^^^^^^^^^^^^^^^^^^^^^^^^^^^^^^^^
  File "C:\Users\paxto\Desktop\My Web Sites\gambinos_restaurant_and_lounge\.venv\Lib\site-packages\django\db\models\query.py", line 656, in create
    obj = self.model(**kwargs)
          ^^^^^^^^^^^^^^^^^^^^
  File "C:\Users\paxto\Desktop\My Web Sites\gambinos_restaurant_and_lounge\.venv\Lib\site-packages\django\db\models\base.py", line 567, in __init__
    raise TypeError(
TypeError: OnlineRegisteredCustomer() got unexpected keyword arguments: 'first_name', 'last_name'
[2025-09-08 17:37:31,602] ERROR [sendgrid_backend.mail:187] Failed to send email, error: HTTP Error 401: Unauthorized, response body: b'{"errors":[{"message":"The provided authorization grant is invalid, expired, or revoked","field":null,"help":null}]}'
[2025-09-08 17:37:31,603] ERROR [reservation_book.views:172] Email sending failed: HTTP Error 401: Unauthorized
[2025-09-08 17:52:55,277] ERROR [sendgrid_backend.mail:187] Failed to send email, error: HTTP Error 401: Unauthorized, response body: b'{"errors":[{"message":"The provided authorization grant is invalid, expired, or revoked","field":null,"help":null}]}'
[2025-09-08 17:52:55,278] ERROR [reservation_book.views:172] Email sending failed: HTTP Error 401: Unauthorized
[2025-09-08 18:18:10,569] ERROR [django.request:246] Internal Server Error: /admin/reservation_book/reservationbook/
Traceback (most recent call last):
  File "C:\Users\paxto\Desktop\My Web Sites\gambinos_restaurant_and_lounge\.venv\Lib\site-packages\django\db\backends\utils.py", line 89, in _execute
    return self.cursor.execute(sql, params)
           ^^^^^^^^^^^^^^^^^^^^^^^^^^^^^^^^
psycopg2.errors.UndefinedColumn: column reservation_book_reservationbook.customer_id does not exist
LINE 1: ...ile", "reservation_book_reservationbook"."email", "reservati...
                                                             ^


The above exception was the direct cause of the following exception:

Traceback (most recent call last):
  File "C:\Users\paxto\Desktop\My Web Sites\gambinos_restaurant_and_lounge\.venv\Lib\site-packages\django\core\handlers\exception.py", line 55, in inner
    response = get_response(request)
               ^^^^^^^^^^^^^^^^^^^^^
  File "C:\Users\paxto\Desktop\My Web Sites\gambinos_restaurant_and_lounge\.venv\Lib\site-packages\django\core\handlers\base.py", line 197, in _get_response
    response = wrapped_callback(request, *callback_args, **callback_kwargs)
               ^^^^^^^^^^^^^^^^^^^^^^^^^^^^^^^^^^^^^^^^^^^^^^^^^^^^^^^^^^^^
  File "C:\Users\paxto\Desktop\My Web Sites\gambinos_restaurant_and_lounge\.venv\Lib\site-packages\django\contrib\admin\options.py", line 688, in wrapper
    return self.admin_site.admin_view(view)(*args, **kwargs)
           ^^^^^^^^^^^^^^^^^^^^^^^^^^^^^^^^^^^^^^^^^^^^^^^^^
  File "C:\Users\paxto\Desktop\My Web Sites\gambinos_restaurant_and_lounge\.venv\Lib\site-packages\django\utils\decorators.py", line 134, in _wrapper_view
    response = view_func(request, *args, **kwargs)
               ^^^^^^^^^^^^^^^^^^^^^^^^^^^^^^^^^^^
  File "C:\Users\paxto\Desktop\My Web Sites\gambinos_restaurant_and_lounge\.venv\Lib\site-packages\django\views\decorators\cache.py", line 62, in _wrapper_view_func
    response = view_func(request, *args, **kwargs)
               ^^^^^^^^^^^^^^^^^^^^^^^^^^^^^^^^^^^
  File "C:\Users\paxto\Desktop\My Web Sites\gambinos_restaurant_and_lounge\.venv\Lib\site-packages\django\contrib\admin\sites.py", line 242, in inner
    return view(request, *args, **kwargs)
           ^^^^^^^^^^^^^^^^^^^^^^^^^^^^^^
  File "C:\Users\paxto\Desktop\My Web Sites\gambinos_restaurant_and_lounge\.venv\Lib\site-packages\django\utils\decorators.py", line 46, in _wrapper
    return bound_method(*args, **kwargs)
           ^^^^^^^^^^^^^^^^^^^^^^^^^^^^^
  File "C:\Users\paxto\Desktop\My Web Sites\gambinos_restaurant_and_lounge\.venv\Lib\site-packages\django\utils\decorators.py", line 134, in _wrapper_view
    response = view_func(request, *args, **kwargs)
               ^^^^^^^^^^^^^^^^^^^^^^^^^^^^^^^^^^^
  File "C:\Users\paxto\Desktop\My Web Sites\gambinos_restaurant_and_lounge\.venv\Lib\site-packages\django\contrib\admin\options.py", line 2065, in changelist_view
    "selection_note": _("0 of %(cnt)s selected") % {"cnt": len(cl.result_list)},
                                                           ^^^^^^^^^^^^^^^^^^^
  File "C:\Users\paxto\Desktop\My Web Sites\gambinos_restaurant_and_lounge\.venv\Lib\site-packages\django\db\models\query.py", line 380, in __len__
    self._fetch_all()
  File "C:\Users\paxto\Desktop\My Web Sites\gambinos_restaurant_and_lounge\.venv\Lib\site-packages\django\db\models\query.py", line 1881, in _fetch_all
    self._result_cache = list(self._iterable_class(self))
                         ^^^^^^^^^^^^^^^^^^^^^^^^^^^^^^^^
  File "C:\Users\paxto\Desktop\My Web Sites\gambinos_restaurant_and_lounge\.venv\Lib\site-packages\django\db\models\query.py", line 91, in __iter__
    results = compiler.execute_sql(
              ^^^^^^^^^^^^^^^^^^^^^
  File "C:\Users\paxto\Desktop\My Web Sites\gambinos_restaurant_and_lounge\.venv\Lib\site-packages\django\db\models\sql\compiler.py", line 1562, in execute_sql
    cursor.execute(sql, params)
  File "C:\Users\paxto\Desktop\My Web Sites\gambinos_restaurant_and_lounge\.venv\Lib\site-packages\django\db\backends\utils.py", line 102, in execute
    return super().execute(sql, params)
           ^^^^^^^^^^^^^^^^^^^^^^^^^^^^
  File "C:\Users\paxto\Desktop\My Web Sites\gambinos_restaurant_and_lounge\.venv\Lib\site-packages\django\db\backends\utils.py", line 67, in execute
    return self._execute_with_wrappers(
           ^^^^^^^^^^^^^^^^^^^^^^^^^^^^
  File "C:\Users\paxto\Desktop\My Web Sites\gambinos_restaurant_and_lounge\.venv\Lib\site-packages\django\db\backends\utils.py", line 80, in _execute_with_wrappers
    return executor(sql, params, many, context)
           ^^^^^^^^^^^^^^^^^^^^^^^^^^^^^^^^^^^^
  File "C:\Users\paxto\Desktop\My Web Sites\gambinos_restaurant_and_lounge\.venv\Lib\site-packages\django\db\backends\utils.py", line 84, in _execute
    with self.db.wrap_database_errors:
         ^^^^^^^^^^^^^^^^^^^^^^^^^^^^
  File "C:\Users\paxto\Desktop\My Web Sites\gambinos_restaurant_and_lounge\.venv\Lib\site-packages\django\db\utils.py", line 91, in __exit__
    raise dj_exc_value.with_traceback(traceback) from exc_value
  File "C:\Users\paxto\Desktop\My Web Sites\gambinos_restaurant_and_lounge\.venv\Lib\site-packages\django\db\backends\utils.py", line 89, in _execute
    return self.cursor.execute(sql, params)
           ^^^^^^^^^^^^^^^^^^^^^^^^^^^^^^^^
django.db.utils.ProgrammingError: column reservation_book_reservationbook.customer_id does not exist
LINE 1: ...ile", "reservation_book_reservationbook"."email", "reservati...
                                                             ^

[2025-09-08 18:18:10,590] ERROR [django.server:212] "GET /admin/reservation_book/reservationbook/ HTTP/1.1" 500 166115
[2025-09-09 16:27:57,692] ERROR [reservation_book.views:117] Unexpected error in make_reservation POST: ['“” value has an invalid date format. It must be in YYYY-MM-DD format.']
Traceback (most recent call last):
  File "C:\Users\paxto\Desktop\My Web Sites\gambinos_restaurant_and_lounge\reservation_book\views.py", line 53, in make_reservation
    ts = TimeSlotAvailability.objects.get(calendar_date=date)
         ^^^^^^^^^^^^^^^^^^^^^^^^^^^^^^^^^^^^^^^^^^^^^^^^^^^^
  File "C:\Users\paxto\Desktop\My Web Sites\gambinos_restaurant_and_lounge\.venv\Lib\site-packages\django\db\models\manager.py", line 87, in manager_method
    return getattr(self.get_queryset(), name)(*args, **kwargs)
           ^^^^^^^^^^^^^^^^^^^^^^^^^^^^^^^^^^^^^^^^^^^^^^^^^^^
  File "C:\Users\paxto\Desktop\My Web Sites\gambinos_restaurant_and_lounge\.venv\Lib\site-packages\django\db\models\query.py", line 623, in get
    clone = self._chain() if self.query.combinator else self.filter(*args, **kwargs)
                                                        ^^^^^^^^^^^^^^^^^^^^^^^^^^^^
  File "C:\Users\paxto\Desktop\My Web Sites\gambinos_restaurant_and_lounge\.venv\Lib\site-packages\django\db\models\query.py", line 1436, in filter
    return self._filter_or_exclude(False, args, kwargs)
           ^^^^^^^^^^^^^^^^^^^^^^^^^^^^^^^^^^^^^^^^^^^^
  File "C:\Users\paxto\Desktop\My Web Sites\gambinos_restaurant_and_lounge\.venv\Lib\site-packages\django\db\models\query.py", line 1454, in _filter_or_exclude
    clone._filter_or_exclude_inplace(negate, args, kwargs)
  File "C:\Users\paxto\Desktop\My Web Sites\gambinos_restaurant_and_lounge\.venv\Lib\site-packages\django\db\models\query.py", line 1461, in _filter_or_exclude_inplace
    self._query.add_q(Q(*args, **kwargs))
  File "C:\Users\paxto\Desktop\My Web Sites\gambinos_restaurant_and_lounge\.venv\Lib\site-packages\django\db\models\sql\query.py", line 1546, in add_q
    clause, _ = self._add_q(q_object, self.used_aliases)
                ^^^^^^^^^^^^^^^^^^^^^^^^^^^^^^^^^^^^^^^^
  File "C:\Users\paxto\Desktop\My Web Sites\gambinos_restaurant_and_lounge\.venv\Lib\site-packages\django\db\models\sql\query.py", line 1577, in _add_q
    child_clause, needed_inner = self.build_filter(
                                 ^^^^^^^^^^^^^^^^^^
  File "C:\Users\paxto\Desktop\My Web Sites\gambinos_restaurant_and_lounge\.venv\Lib\site-packages\django\db\models\sql\query.py", line 1492, in build_filter
    condition = self.build_lookup(lookups, col, value)
                ^^^^^^^^^^^^^^^^^^^^^^^^^^^^^^^^^^^^^^
  File "C:\Users\paxto\Desktop\My Web Sites\gambinos_restaurant_and_lounge\.venv\Lib\site-packages\django\db\models\sql\query.py", line 1319, in build_lookup
    lookup = lookup_class(lhs, rhs)
             ^^^^^^^^^^^^^^^^^^^^^^
  File "C:\Users\paxto\Desktop\My Web Sites\gambinos_restaurant_and_lounge\.venv\Lib\site-packages\django\db\models\lookups.py", line 27, in __init__
    self.rhs = self.get_prep_lookup()
               ^^^^^^^^^^^^^^^^^^^^^^
  File "C:\Users\paxto\Desktop\My Web Sites\gambinos_restaurant_and_lounge\.venv\Lib\site-packages\django\db\models\lookups.py", line 341, in get_prep_lookup
    return super().get_prep_lookup()
           ^^^^^^^^^^^^^^^^^^^^^^^^^
  File "C:\Users\paxto\Desktop\My Web Sites\gambinos_restaurant_and_lounge\.venv\Lib\site-packages\django\db\models\lookups.py", line 85, in get_prep_lookup
    return self.lhs.output_field.get_prep_value(self.rhs)
           ^^^^^^^^^^^^^^^^^^^^^^^^^^^^^^^^^^^^^^^^^^^^^^
  File "C:\Users\paxto\Desktop\My Web Sites\gambinos_restaurant_and_lounge\.venv\Lib\site-packages\django\db\models\fields\__init__.py", line 1464, in get_prep_value
    return self.to_python(value)
           ^^^^^^^^^^^^^^^^^^^^^
  File "C:\Users\paxto\Desktop\My Web Sites\gambinos_restaurant_and_lounge\.venv\Lib\site-packages\django\db\models\fields\__init__.py", line 1430, in to_python
    raise exceptions.ValidationError(
django.core.exceptions.ValidationError: ['“” value has an invalid date format. It must be in YYYY-MM-DD format.']
[2025-09-09 17:15:18,647] ERROR [reservation_book.views:128] Unexpected error in make_reservation POST: TableReservation() got unexpected keyword arguments: 'user'
Traceback (most recent call last):
  File "C:\Users\paxto\Desktop\My Web Sites\gambinos_restaurant_and_lounge\reservation_book\views.py", line 76, in make_reservation
    reservation = TableReservation.objects.create(
                  ^^^^^^^^^^^^^^^^^^^^^^^^^^^^^^^^
  File "C:\Users\paxto\Desktop\My Web Sites\gambinos_restaurant_and_lounge\.venv\Lib\site-packages\django\db\models\manager.py", line 87, in manager_method
    return getattr(self.get_queryset(), name)(*args, **kwargs)
           ^^^^^^^^^^^^^^^^^^^^^^^^^^^^^^^^^^^^^^^^^^^^^^^^^^^
  File "C:\Users\paxto\Desktop\My Web Sites\gambinos_restaurant_and_lounge\.venv\Lib\site-packages\django\db\models\query.py", line 656, in create
    obj = self.model(**kwargs)
          ^^^^^^^^^^^^^^^^^^^^
  File "C:\Users\paxto\Desktop\My Web Sites\gambinos_restaurant_and_lounge\.venv\Lib\site-packages\django\db\models\base.py", line 567, in __init__
    raise TypeError(
TypeError: TableReservation() got unexpected keyword arguments: 'user'
